mode: set
github.com/fab2s/goDl/autograd/context.go:11.27,13.2 1 1
github.com/fab2s/goDl/autograd/context.go:23.24,27.2 3 1
github.com/fab2s/goDl/autograd/engine.go:14.37,15.32 1 1
github.com/fab2s/goDl/autograd/engine.go:15.32,17.3 1 0
github.com/fab2s/goDl/autograd/engine.go:18.2,18.25 1 1
github.com/fab2s/goDl/autograd/engine.go:18.25,20.3 1 0
github.com/fab2s/goDl/autograd/engine.go:23.2,24.21 2 1
github.com/fab2s/goDl/autograd/engine.go:24.21,26.3 1 1
github.com/fab2s/goDl/autograd/engine.go:27.2,28.16 2 1
github.com/fab2s/goDl/autograd/engine.go:28.16,30.3 1 0
github.com/fab2s/goDl/autograd/engine.go:31.2,31.33 1 1
github.com/fab2s/goDl/autograd/engine.go:36.70,37.32 1 1
github.com/fab2s/goDl/autograd/engine.go:37.32,39.3 1 0
github.com/fab2s/goDl/autograd/engine.go:42.2,49.39 4 1
github.com/fab2s/goDl/autograd/engine.go:49.39,52.25 3 1
github.com/fab2s/goDl/autograd/engine.go:52.25,53.12 1 1
github.com/fab2s/goDl/autograd/engine.go:57.3,57.39 1 1
github.com/fab2s/goDl/autograd/engine.go:57.39,59.4 1 1
github.com/fab2s/goDl/autograd/engine.go:62.3,62.25 1 1
github.com/fab2s/goDl/autograd/engine.go:62.25,64.45 2 1
github.com/fab2s/goDl/autograd/engine.go:64.45,65.53 1 1
github.com/fab2s/goDl/autograd/engine.go:65.53,66.14 1 0
github.com/fab2s/goDl/autograd/engine.go:68.5,68.28 1 1
github.com/fab2s/goDl/autograd/engine.go:68.28,69.14 1 1
github.com/fab2s/goDl/autograd/engine.go:71.5,71.41 1 1
github.com/fab2s/goDl/autograd/engine.go:71.41,74.38 2 1
github.com/fab2s/goDl/autograd/engine.go:74.38,76.7 1 0
github.com/fab2s/goDl/autograd/engine.go:77.6,77.24 1 1
github.com/fab2s/goDl/autograd/engine.go:78.11,80.6 1 1
github.com/fab2s/goDl/autograd/engine.go:85.3,85.38 1 1
github.com/fab2s/goDl/autograd/engine.go:85.38,87.4 1 0
github.com/fab2s/goDl/autograd/engine.go:90.2,90.12 1 1
github.com/fab2s/goDl/autograd/engine.go:94.56,95.19 1 1
github.com/fab2s/goDl/autograd/engine.go:95.19,97.3 1 1
github.com/fab2s/goDl/autograd/engine.go:97.8,99.3 1 0
github.com/fab2s/goDl/autograd/engine.go:104.43,110.28 4 1
github.com/fab2s/goDl/autograd/engine.go:110.28,111.17 1 1
github.com/fab2s/goDl/autograd/engine.go:111.17,113.4 1 1
github.com/fab2s/goDl/autograd/engine.go:114.3,116.22 2 1
github.com/fab2s/goDl/autograd/engine.go:116.22,117.42 1 1
github.com/fab2s/goDl/autograd/engine.go:117.42,119.5 1 1
github.com/fab2s/goDl/autograd/engine.go:122.3,122.27 1 1
github.com/fab2s/goDl/autograd/engine.go:125.2,126.14 2 1
github.com/fab2s/goDl/autograd/ops.go:9.51,10.16 1 1
github.com/fab2s/goDl/autograd/ops.go:10.16,12.3 1 0
github.com/fab2s/goDl/autograd/ops.go:13.2,13.20 1 1
github.com/fab2s/goDl/autograd/ops.go:13.20,15.3 1 0
github.com/fab2s/goDl/autograd/ops.go:16.2,17.37 2 1
github.com/fab2s/goDl/autograd/ops.go:17.37,19.3 1 0
github.com/fab2s/goDl/autograd/ops.go:20.2,21.25 2 1
github.com/fab2s/goDl/autograd/ops.go:21.25,27.54 3 1
github.com/fab2s/goDl/autograd/ops.go:27.54,31.5 3 1
github.com/fab2s/goDl/autograd/ops.go:34.2,34.27 1 1
github.com/fab2s/goDl/autograd/ops.go:39.51,40.16 1 1
github.com/fab2s/goDl/autograd/ops.go:40.16,42.3 1 0
github.com/fab2s/goDl/autograd/ops.go:43.2,43.20 1 1
github.com/fab2s/goDl/autograd/ops.go:43.20,45.3 1 0
github.com/fab2s/goDl/autograd/ops.go:46.2,47.37 2 1
github.com/fab2s/goDl/autograd/ops.go:47.37,49.3 1 0
github.com/fab2s/goDl/autograd/ops.go:50.2,51.25 2 1
github.com/fab2s/goDl/autograd/ops.go:51.25,57.54 3 1
github.com/fab2s/goDl/autograd/ops.go:57.54,61.5 3 1
github.com/fab2s/goDl/autograd/ops.go:64.2,64.27 1 1
github.com/fab2s/goDl/autograd/ops.go:69.51,70.16 1 1
github.com/fab2s/goDl/autograd/ops.go:70.16,72.3 1 0
github.com/fab2s/goDl/autograd/ops.go:73.2,73.20 1 1
github.com/fab2s/goDl/autograd/ops.go:73.20,75.3 1 0
github.com/fab2s/goDl/autograd/ops.go:76.2,77.37 2 1
github.com/fab2s/goDl/autograd/ops.go:77.37,79.3 1 0
github.com/fab2s/goDl/autograd/ops.go:80.2,81.25 2 1
github.com/fab2s/goDl/autograd/ops.go:81.25,89.54 5 1
github.com/fab2s/goDl/autograd/ops.go:89.54,93.5 3 1
github.com/fab2s/goDl/autograd/ops.go:96.2,96.27 1 1
github.com/fab2s/goDl/autograd/ops.go:102.54,103.16 1 1
github.com/fab2s/goDl/autograd/ops.go:103.16,105.3 1 0
github.com/fab2s/goDl/autograd/ops.go:106.2,106.20 1 1
github.com/fab2s/goDl/autograd/ops.go:106.20,108.3 1 0
github.com/fab2s/goDl/autograd/ops.go:109.2,110.37 2 1
github.com/fab2s/goDl/autograd/ops.go:110.37,112.3 1 0
github.com/fab2s/goDl/autograd/ops.go:113.2,114.25 2 1
github.com/fab2s/goDl/autograd/ops.go:114.25,122.54 5 1
github.com/fab2s/goDl/autograd/ops.go:122.54,124.12 2 1
github.com/fab2s/goDl/autograd/ops.go:125.39,130.33 4 1
github.com/fab2s/goDl/autograd/ops.go:131.39,137.50 5 0
github.com/fab2s/goDl/autograd/ops.go:138.39,144.33 5 0
github.com/fab2s/goDl/autograd/ops.go:145.13,148.46 2 0
github.com/fab2s/goDl/autograd/ops.go:150.5,150.46 1 1
github.com/fab2s/goDl/autograd/ops.go:154.2,154.27 1 1
github.com/fab2s/goDl/autograd/ops.go:161.37,162.16 1 1
github.com/fab2s/goDl/autograd/ops.go:162.16,164.3 1 0
github.com/fab2s/goDl/autograd/ops.go:165.2,166.37 2 1
github.com/fab2s/goDl/autograd/ops.go:166.37,168.3 1 0
github.com/fab2s/goDl/autograd/ops.go:169.2,170.20 2 1
github.com/fab2s/goDl/autograd/ops.go:170.20,175.54 2 1
github.com/fab2s/goDl/autograd/ops.go:175.54,178.5 2 1
github.com/fab2s/goDl/autograd/ops.go:181.2,181.27 1 1
github.com/fab2s/goDl/autograd/ops.go:186.40,187.16 1 1
github.com/fab2s/goDl/autograd/ops.go:187.16,189.3 1 0
github.com/fab2s/goDl/autograd/ops.go:190.2,191.37 2 1
github.com/fab2s/goDl/autograd/ops.go:191.37,193.3 1 0
github.com/fab2s/goDl/autograd/ops.go:194.2,195.20 2 1
github.com/fab2s/goDl/autograd/ops.go:195.20,200.54 2 1
github.com/fab2s/goDl/autograd/ops.go:200.54,204.5 2 1
github.com/fab2s/goDl/autograd/ops.go:207.2,207.27 1 1
github.com/fab2s/goDl/autograd/ops.go:212.37,213.16 1 1
github.com/fab2s/goDl/autograd/ops.go:213.16,215.3 1 0
github.com/fab2s/goDl/autograd/ops.go:216.2,217.37 2 1
github.com/fab2s/goDl/autograd/ops.go:217.37,219.3 1 0
github.com/fab2s/goDl/autograd/ops.go:220.2,221.20 2 1
github.com/fab2s/goDl/autograd/ops.go:221.20,226.54 2 1
github.com/fab2s/goDl/autograd/ops.go:226.54,231.5 3 1
github.com/fab2s/goDl/autograd/ops.go:234.2,234.27 1 1
github.com/fab2s/goDl/autograd/ops.go:239.36,240.16 1 1
github.com/fab2s/goDl/autograd/ops.go:240.16,242.3 1 0
github.com/fab2s/goDl/autograd/ops.go:243.2,244.37 2 1
github.com/fab2s/goDl/autograd/ops.go:244.37,246.3 1 0
github.com/fab2s/goDl/autograd/ops.go:247.2,248.20 2 1
github.com/fab2s/goDl/autograd/ops.go:248.20,253.54 2 1
github.com/fab2s/goDl/autograd/ops.go:253.54,258.5 2 1
github.com/fab2s/goDl/autograd/ops.go:261.2,261.27 1 1
github.com/fab2s/goDl/autograd/ops.go:266.56,267.16 1 1
github.com/fab2s/goDl/autograd/ops.go:267.16,269.3 1 0
github.com/fab2s/goDl/autograd/ops.go:270.2,271.37 2 1
github.com/fab2s/goDl/autograd/ops.go:271.37,273.3 1 0
github.com/fab2s/goDl/autograd/ops.go:274.2,275.20 2 1
github.com/fab2s/goDl/autograd/ops.go:275.20,279.54 1 1
github.com/fab2s/goDl/autograd/ops.go:279.54,281.5 1 1
github.com/fab2s/goDl/autograd/ops.go:284.2,284.27 1 1
github.com/fab2s/goDl/autograd/ops.go:289.36,290.16 1 0
github.com/fab2s/goDl/autograd/ops.go:290.16,292.3 1 0
github.com/fab2s/goDl/autograd/ops.go:293.2,294.37 2 0
github.com/fab2s/goDl/autograd/ops.go:294.37,296.3 1 0
github.com/fab2s/goDl/autograd/ops.go:297.2,298.20 2 0
github.com/fab2s/goDl/autograd/ops.go:298.20,303.54 2 0
github.com/fab2s/goDl/autograd/ops.go:303.54,305.5 1 0
github.com/fab2s/goDl/autograd/ops.go:308.2,308.27 1 0
github.com/fab2s/goDl/autograd/ops.go:313.36,314.16 1 0
github.com/fab2s/goDl/autograd/ops.go:314.16,316.3 1 0
github.com/fab2s/goDl/autograd/ops.go:317.2,318.37 2 0
github.com/fab2s/goDl/autograd/ops.go:318.37,320.3 1 0
github.com/fab2s/goDl/autograd/ops.go:321.2,322.20 2 0
github.com/fab2s/goDl/autograd/ops.go:322.20,326.54 1 0
github.com/fab2s/goDl/autograd/ops.go:326.54,331.5 2 0
github.com/fab2s/goDl/autograd/ops.go:334.2,334.27 1 0
github.com/fab2s/goDl/autograd/ops.go:339.36,340.16 1 0
github.com/fab2s/goDl/autograd/ops.go:340.16,342.3 1 0
github.com/fab2s/goDl/autograd/ops.go:343.2,344.37 2 0
github.com/fab2s/goDl/autograd/ops.go:344.37,346.3 1 0
github.com/fab2s/goDl/autograd/ops.go:347.2,348.20 2 0
github.com/fab2s/goDl/autograd/ops.go:348.20,352.54 1 0
github.com/fab2s/goDl/autograd/ops.go:352.54,354.5 1 0
github.com/fab2s/goDl/autograd/ops.go:357.2,357.27 1 0
github.com/fab2s/goDl/autograd/ops.go:362.56,363.16 1 0
github.com/fab2s/goDl/autograd/ops.go:363.16,365.3 1 0
github.com/fab2s/goDl/autograd/ops.go:366.2,367.37 2 0
github.com/fab2s/goDl/autograd/ops.go:367.37,369.3 1 0
github.com/fab2s/goDl/autograd/ops.go:370.2,371.20 2 0
github.com/fab2s/goDl/autograd/ops.go:371.20,375.54 1 0
github.com/fab2s/goDl/autograd/ops.go:375.54,377.5 1 0
github.com/fab2s/goDl/autograd/ops.go:380.2,380.27 1 0
github.com/fab2s/goDl/autograd/ops.go:385.60,386.16 1 0
github.com/fab2s/goDl/autograd/ops.go:386.16,388.3 1 0
github.com/fab2s/goDl/autograd/ops.go:389.2,390.37 2 0
github.com/fab2s/goDl/autograd/ops.go:390.37,392.3 1 0
github.com/fab2s/goDl/autograd/ops.go:393.2,394.20 2 0
github.com/fab2s/goDl/autograd/ops.go:394.20,399.54 2 0
github.com/fab2s/goDl/autograd/ops.go:399.54,402.5 2 0
github.com/fab2s/goDl/autograd/ops.go:405.2,405.27 1 0
github.com/fab2s/goDl/autograd/ops.go:410.56,411.16 1 0
github.com/fab2s/goDl/autograd/ops.go:411.16,413.3 1 0
github.com/fab2s/goDl/autograd/ops.go:414.2,415.37 2 0
github.com/fab2s/goDl/autograd/ops.go:415.37,417.3 1 0
github.com/fab2s/goDl/autograd/ops.go:418.2,419.20 2 0
github.com/fab2s/goDl/autograd/ops.go:419.20,423.54 1 0
github.com/fab2s/goDl/autograd/ops.go:423.54,426.5 1 0
github.com/fab2s/goDl/autograd/ops.go:429.2,429.27 1 0
github.com/fab2s/goDl/autograd/ops.go:434.53,435.16 1 0
github.com/fab2s/goDl/autograd/ops.go:435.16,437.3 1 0
github.com/fab2s/goDl/autograd/ops.go:438.2,439.37 2 0
github.com/fab2s/goDl/autograd/ops.go:439.37,441.3 1 0
github.com/fab2s/goDl/autograd/ops.go:442.2,443.20 2 0
github.com/fab2s/goDl/autograd/ops.go:443.20,448.54 2 0
github.com/fab2s/goDl/autograd/ops.go:448.54,450.5 1 0
github.com/fab2s/goDl/autograd/ops.go:453.2,453.27 1 0
github.com/fab2s/goDl/autograd/ops.go:458.47,459.16 1 0
github.com/fab2s/goDl/autograd/ops.go:459.16,461.3 1 0
github.com/fab2s/goDl/autograd/ops.go:462.2,463.37 2 0
github.com/fab2s/goDl/autograd/ops.go:463.37,465.3 1 0
github.com/fab2s/goDl/autograd/ops.go:466.2,467.20 2 0
github.com/fab2s/goDl/autograd/ops.go:467.20,472.54 2 0
github.com/fab2s/goDl/autograd/ops.go:472.54,476.5 3 0
github.com/fab2s/goDl/autograd/ops.go:479.2,479.27 1 0
github.com/fab2s/goDl/autograd/ops.go:484.59,485.16 1 0
github.com/fab2s/goDl/autograd/ops.go:485.16,487.3 1 0
github.com/fab2s/goDl/autograd/ops.go:488.2,489.37 2 0
github.com/fab2s/goDl/autograd/ops.go:489.37,491.3 1 0
github.com/fab2s/goDl/autograd/ops.go:492.2,493.20 2 0
github.com/fab2s/goDl/autograd/ops.go:493.20,498.54 2 0
github.com/fab2s/goDl/autograd/ops.go:498.54,501.5 2 0
github.com/fab2s/goDl/autograd/ops.go:504.2,504.27 1 0
github.com/fab2s/goDl/autograd/ops.go:509.67,510.16 1 1
github.com/fab2s/goDl/autograd/ops.go:510.16,512.3 1 0
github.com/fab2s/goDl/autograd/ops.go:513.2,514.37 2 1
github.com/fab2s/goDl/autograd/ops.go:514.37,516.3 1 0
github.com/fab2s/goDl/autograd/ops.go:517.2,518.20 2 1
github.com/fab2s/goDl/autograd/ops.go:518.20,523.54 2 1
github.com/fab2s/goDl/autograd/ops.go:523.54,526.5 2 1
github.com/fab2s/goDl/autograd/ops.go:529.2,529.27 1 1
github.com/fab2s/goDl/autograd/ops.go:534.60,535.16 1 1
github.com/fab2s/goDl/autograd/ops.go:535.16,537.3 1 0
github.com/fab2s/goDl/autograd/ops.go:538.2,538.20 1 1
github.com/fab2s/goDl/autograd/ops.go:538.20,540.3 1 0
github.com/fab2s/goDl/autograd/ops.go:541.2,542.37 2 1
github.com/fab2s/goDl/autograd/ops.go:542.37,544.3 1 0
github.com/fab2s/goDl/autograd/ops.go:545.2,546.25 2 1
github.com/fab2s/goDl/autograd/ops.go:546.25,552.54 3 1
github.com/fab2s/goDl/autograd/ops.go:552.54,556.5 3 1
github.com/fab2s/goDl/autograd/ops.go:559.2,559.27 1 1
github.com/fab2s/goDl/autograd/ops.go:564.61,565.16 1 1
github.com/fab2s/goDl/autograd/ops.go:565.16,567.3 1 0
github.com/fab2s/goDl/autograd/ops.go:568.2,569.37 2 1
github.com/fab2s/goDl/autograd/ops.go:569.37,571.3 1 0
github.com/fab2s/goDl/autograd/ops.go:572.2,573.20 2 1
github.com/fab2s/goDl/autograd/ops.go:573.20,578.54 2 1
github.com/fab2s/goDl/autograd/ops.go:578.54,581.17 3 1
github.com/fab2s/goDl/autograd/ops.go:581.17,589.6 6 1
github.com/fab2s/goDl/autograd/ops.go:591.5,591.82 1 1
github.com/fab2s/goDl/autograd/ops.go:595.2,595.27 1 1
github.com/fab2s/goDl/autograd/ops.go:601.73,602.16 1 1
github.com/fab2s/goDl/autograd/ops.go:602.16,604.3 1 0
github.com/fab2s/goDl/autograd/ops.go:605.2,606.37 2 1
github.com/fab2s/goDl/autograd/ops.go:606.37,608.3 1 0
github.com/fab2s/goDl/autograd/ops.go:609.2,610.20 2 1
github.com/fab2s/goDl/autograd/ops.go:610.20,615.54 2 1
github.com/fab2s/goDl/autograd/ops.go:615.54,619.5 2 1
github.com/fab2s/goDl/autograd/ops.go:622.2,622.27 1 1
github.com/fab2s/goDl/autograd/ops.go:627.37,628.16 1 0
github.com/fab2s/goDl/autograd/ops.go:628.16,630.3 1 0
github.com/fab2s/goDl/autograd/ops.go:631.2,632.37 2 0
github.com/fab2s/goDl/autograd/ops.go:632.37,634.3 1 0
github.com/fab2s/goDl/autograd/ops.go:635.2,636.20 2 0
github.com/fab2s/goDl/autograd/ops.go:636.20,641.54 2 0
github.com/fab2s/goDl/autograd/ops.go:641.54,644.5 1 0
github.com/fab2s/goDl/autograd/ops.go:647.2,647.27 1 0
github.com/fab2s/goDl/autograd/ops.go:652.51,653.16 1 0
github.com/fab2s/goDl/autograd/ops.go:653.16,655.3 1 0
github.com/fab2s/goDl/autograd/ops.go:656.2,656.20 1 0
github.com/fab2s/goDl/autograd/ops.go:656.20,658.3 1 0
github.com/fab2s/goDl/autograd/ops.go:659.2,660.37 2 0
github.com/fab2s/goDl/autograd/ops.go:660.37,662.3 1 0
github.com/fab2s/goDl/autograd/ops.go:663.2,664.25 2 0
github.com/fab2s/goDl/autograd/ops.go:664.25,672.54 5 0
github.com/fab2s/goDl/autograd/ops.go:672.54,678.5 3 0
github.com/fab2s/goDl/autograd/ops.go:681.2,681.27 1 0
github.com/fab2s/goDl/autograd/ops.go:689.75,690.23 1 1
github.com/fab2s/goDl/autograd/ops.go:690.23,692.3 1 0
github.com/fab2s/goDl/autograd/ops.go:694.2,697.41 2 1
github.com/fab2s/goDl/autograd/ops.go:697.41,699.3 1 1
github.com/fab2s/goDl/autograd/ops.go:701.2,704.40 2 1
github.com/fab2s/goDl/autograd/ops.go:704.40,707.3 2 1
github.com/fab2s/goDl/autograd/ops.go:710.2,710.40 1 1
github.com/fab2s/goDl/autograd/ops.go:710.40,711.47 1 1
github.com/fab2s/goDl/autograd/ops.go:711.47,713.4 1 1
github.com/fab2s/goDl/autograd/ops.go:716.2,716.15 1 1
github.com/fab2s/goDl/autograd/ops.go:723.110,724.16 1 0
github.com/fab2s/goDl/autograd/ops.go:724.16,726.3 1 0
github.com/fab2s/goDl/autograd/ops.go:727.2,727.21 1 0
github.com/fab2s/goDl/autograd/ops.go:727.21,729.3 1 0
github.com/fab2s/goDl/autograd/ops.go:730.2,730.34 1 0
github.com/fab2s/goDl/autograd/ops.go:730.34,732.3 1 0
github.com/fab2s/goDl/autograd/ops.go:735.2,736.17 2 0
github.com/fab2s/goDl/autograd/ops.go:736.17,738.3 1 0
github.com/fab2s/goDl/autograd/ops.go:739.2,740.37 2 0
github.com/fab2s/goDl/autograd/ops.go:740.37,742.3 1 0
github.com/fab2s/goDl/autograd/ops.go:745.2,747.13 3 0
github.com/fab2s/goDl/autograd/ops.go:747.13,749.3 1 0
github.com/fab2s/goDl/autograd/ops.go:751.2,752.26 2 0
github.com/fab2s/goDl/autograd/ops.go:752.26,758.54 3 0
github.com/fab2s/goDl/autograd/ops.go:758.54,764.16 3 0
github.com/fab2s/goDl/autograd/ops.go:764.16,766.6 1 0
github.com/fab2s/goDl/autograd/ops.go:767.5,767.17 1 0
github.com/fab2s/goDl/autograd/ops.go:771.2,771.27 1 0
github.com/fab2s/goDl/autograd/ops.go:774.37,775.22 1 1
github.com/fab2s/goDl/autograd/ops.go:775.22,777.3 1 1
github.com/fab2s/goDl/autograd/ops.go:778.2,778.19 1 1
github.com/fab2s/goDl/autograd/ops.go:778.19,779.19 1 1
github.com/fab2s/goDl/autograd/ops.go:779.19,781.4 1 1
github.com/fab2s/goDl/autograd/ops.go:783.2,783.13 1 1
github.com/fab2s/goDl/autograd/variable.go:49.68,50.35 1 1
github.com/fab2s/goDl/autograd/variable.go:50.35,52.3 1 0
github.com/fab2s/goDl/autograd/variable.go:53.2,57.3 1 1
github.com/fab2s/goDl/autograd/variable.go:62.56,69.2 1 1
github.com/fab2s/goDl/autograd/variable.go:72.39,74.2 1 0
github.com/fab2s/goDl/autograd/variable.go:79.39,81.2 1 0
github.com/fab2s/goDl/autograd/variable.go:84.42,86.2 1 1
github.com/fab2s/goDl/autograd/variable.go:90.42,92.2 1 1
github.com/fab2s/goDl/autograd/variable.go:95.40,97.2 1 1
github.com/fab2s/goDl/autograd/variable.go:100.34,102.2 1 1
github.com/fab2s/goDl/autograd/variable.go:106.43,109.2 2 0
github.com/fab2s/goDl/autograd/variable.go:112.32,113.18 1 1
github.com/fab2s/goDl/autograd/variable.go:113.18,115.3 1 0
github.com/fab2s/goDl/autograd/variable.go:116.2,116.19 1 1
github.com/fab2s/goDl/autograd/variable.go:116.19,118.3 1 0
github.com/fab2s/goDl/autograd/variable.go:119.2,119.21 1 1
github.com/fab2s/goDl/autograd/variable.go:123.33,125.2 1 1
github.com/fab2s/goDl/autograd/variable.go:129.40,130.22 1 1
github.com/fab2s/goDl/autograd/variable.go:130.22,132.3 1 1
github.com/fab2s/goDl/autograd/variable.go:133.2,133.25 1 1
github.com/fab2s/goDl/autograd/variable.go:133.25,134.21 1 1
github.com/fab2s/goDl/autograd/variable.go:134.21,136.4 1 1
github.com/fab2s/goDl/autograd/variable.go:138.2,138.14 1 1
github.com/fab2s/goDl/autograd/variable.go:142.31,143.19 1 1
github.com/fab2s/goDl/autograd/variable.go:143.19,146.3 2 1
github.com/fab2s/goDl/autograd/variable.go:151.49,152.19 1 0
github.com/fab2s/goDl/autograd/variable.go:152.19,154.3 1 0
github.com/fab2s/goDl/autograd/variable.go:155.2,155.15 1 0
github.com/fab2s/goDl/autograd/variable.go:160.49,162.2 1 0
github.com/fab2s/goDl/autograd/variable.go:166.39,167.16 1 1
github.com/fab2s/goDl/autograd/variable.go:167.16,169.3 1 0
github.com/fab2s/goDl/autograd/variable.go:170.2,170.35 1 1
github.com/fab2s/goDl/data/dataset.go:23.70,29.2 1 1
github.com/fab2s/goDl/data/dataset.go:31.35,31.51 1 1
github.com/fab2s/goDl/data/dataset.go:33.82,35.35 2 1
github.com/fab2s/goDl/data/dataset.go:35.35,37.3 1 0
github.com/fab2s/goDl/data/dataset.go:38.2,39.36 2 1
github.com/fab2s/goDl/data/dataset.go:39.36,41.3 1 0
github.com/fab2s/goDl/data/dataset.go:42.2,42.27 1 1
github.com/fab2s/goDl/data/loader.go:60.54,61.24 1 1
github.com/fab2s/goDl/data/loader.go:61.24,63.3 1 0
github.com/fab2s/goDl/data/loader.go:64.2,64.24 1 1
github.com/fab2s/goDl/data/loader.go:64.24,66.3 1 0
github.com/fab2s/goDl/data/loader.go:67.2,67.23 1 1
github.com/fab2s/goDl/data/loader.go:67.23,69.3 1 0
github.com/fab2s/goDl/data/loader.go:71.2,76.24 3 1
github.com/fab2s/goDl/data/loader.go:76.24,78.3 1 1
github.com/fab2s/goDl/data/loader.go:79.2,79.10 1 1
github.com/fab2s/goDl/data/loader.go:82.29,85.24 3 1
github.com/fab2s/goDl/data/loader.go:85.24,87.3 1 1
github.com/fab2s/goDl/data/loader.go:88.2,88.19 1 1
github.com/fab2s/goDl/data/loader.go:88.19,89.34 1 1
github.com/fab2s/goDl/data/loader.go:89.34,91.4 1 1
github.com/fab2s/goDl/data/loader.go:93.2,93.11 1 1
github.com/fab2s/goDl/data/loader.go:98.30,99.18 1 1
github.com/fab2s/goDl/data/loader.go:99.18,101.3 1 0
github.com/fab2s/goDl/data/loader.go:102.2,102.26 1 1
github.com/fab2s/goDl/data/loader.go:102.26,104.3 1 1
github.com/fab2s/goDl/data/loader.go:105.2,105.27 1 1
github.com/fab2s/goDl/data/loader.go:108.40,110.16 2 1
github.com/fab2s/goDl/data/loader.go:110.16,112.3 1 1
github.com/fab2s/goDl/data/loader.go:113.2,114.13 2 1
github.com/fab2s/goDl/data/loader.go:114.13,115.21 1 1
github.com/fab2s/goDl/data/loader.go:115.21,117.4 1 1
github.com/fab2s/goDl/data/loader.go:118.3,118.10 1 1
github.com/fab2s/goDl/data/loader.go:121.2,126.30 5 1
github.com/fab2s/goDl/data/loader.go:126.30,128.17 2 1
github.com/fab2s/goDl/data/loader.go:128.17,131.4 2 1
github.com/fab2s/goDl/data/loader.go:132.3,133.19 2 1
github.com/fab2s/goDl/data/loader.go:136.2,137.41 2 1
github.com/fab2s/goDl/data/loader.go:137.41,140.3 2 0
github.com/fab2s/goDl/data/loader.go:141.2,142.42 2 1
github.com/fab2s/goDl/data/loader.go:142.42,145.3 2 0
github.com/fab2s/goDl/data/loader.go:146.2,146.13 1 1
github.com/fab2s/goDl/data/loader.go:151.34,153.19 2 1
github.com/fab2s/goDl/data/loader.go:153.19,155.3 1 1
github.com/fab2s/goDl/data/loader.go:156.2,160.22 4 1
github.com/fab2s/goDl/data/loader.go:163.34,172.14 6 1
github.com/fab2s/goDl/data/loader.go:172.14,174.14 2 1
github.com/fab2s/goDl/data/loader.go:174.14,175.22 1 0
github.com/fab2s/goDl/data/loader.go:175.22,177.5 1 0
github.com/fab2s/goDl/data/loader.go:178.4,178.11 1 0
github.com/fab2s/goDl/data/loader.go:180.3,189.29 7 1
github.com/fab2s/goDl/data/loader.go:189.29,191.4 1 0
github.com/fab2s/goDl/data/loader.go:193.3,195.26 3 1
github.com/fab2s/goDl/data/loader.go:195.26,197.4 1 1
github.com/fab2s/goDl/data/loader.go:198.3,201.32 3 1
github.com/fab2s/goDl/data/loader.go:201.32,202.14 1 1
github.com/fab2s/goDl/data/loader.go:202.14,204.26 2 1
github.com/fab2s/goDl/data/loader.go:204.26,208.16 4 1
github.com/fab2s/goDl/data/loader.go:208.16,210.7 1 0
github.com/fab2s/goDl/data/loader.go:211.6,212.20 2 1
github.com/fab2s/goDl/data/loader.go:212.20,214.26 2 0
github.com/fab2s/goDl/data/loader.go:214.26,216.8 1 0
github.com/fab2s/goDl/data/loader.go:217.7,218.13 2 0
github.com/fab2s/goDl/data/loader.go:220.6,220.55 1 1
github.com/fab2s/goDl/data/loader.go:227.3,227.13 1 1
github.com/fab2s/goDl/data/loader.go:227.13,230.4 2 1
github.com/fab2s/goDl/data/loader.go:232.3,232.10 1 1
github.com/fab2s/goDl/data/loader.go:233.17,236.10 2 0
github.com/fab2s/goDl/data/loader.go:237.19,237.19 0 1
github.com/fab2s/goDl/data/loader.go:240.3,240.22 1 1
github.com/fab2s/goDl/data/loader.go:240.22,245.4 1 0
github.com/fab2s/goDl/data/loader.go:247.3,249.34 3 1
github.com/fab2s/goDl/data/loader.go:249.34,252.4 2 1
github.com/fab2s/goDl/data/loader.go:254.3,258.45 2 1
github.com/fab2s/goDl/data/loader.go:258.45,260.4 1 0
github.com/fab2s/goDl/data/loader.go:261.3,261.46 1 1
github.com/fab2s/goDl/data/loader.go:261.46,263.4 1 0
github.com/fab2s/goDl/data/loader.go:265.3,265.10 1 1
github.com/fab2s/goDl/data/loader.go:266.17,267.10 1 0
github.com/fab2s/goDl/data/loader.go:268.29,268.29 0 1
github.com/fab2s/goDl/data/loader.go:273.38,275.9 2 1
github.com/fab2s/goDl/data/loader.go:275.9,277.3 1 1
github.com/fab2s/goDl/data/loader.go:278.2,280.13 3 1
github.com/fab2s/goDl/data/loader.go:284.57,286.2 1 1
github.com/fab2s/goDl/data/loader.go:289.30,291.2 1 1
github.com/fab2s/goDl/data/loader.go:295.26,301.26 6 1
github.com/fab2s/goDl/data/loader.go:301.26,303.3 1 1
github.com/fab2s/goDl/data/loader.go:308.26,309.19 1 1
github.com/fab2s/goDl/data/loader.go:309.19,310.10 1 1
github.com/fab2s/goDl/data/loader.go:311.17,311.17 0 0
github.com/fab2s/goDl/data/loader.go:313.11,314.17 1 1
github.com/fab2s/goDl/data/loader.go:316.3,319.23 2 1
github.com/fab2s/goDl/data/loader.go:319.24,320.4 0 0
github.com/fab2s/goDl/data/loader.go:321.3,322.18 2 1
github.com/fab2s/goDl/examples/showcase/showcase.go:28.39,33.16 2 1
github.com/fab2s/goDl/examples/showcase/showcase.go:33.16,34.36 1 0
github.com/fab2s/goDl/examples/showcase/showcase.go:36.2,36.10 1 1
github.com/fab2s/goDl/examples/showcase/showcase.go:41.39,45.16 2 1
github.com/fab2s/goDl/examples/showcase/showcase.go:45.16,46.36 1 0
github.com/fab2s/goDl/examples/showcase/showcase.go:48.2,48.10 1 1
github.com/fab2s/goDl/examples/showcase/showcase.go:61.81,64.2 2 0
github.com/fab2s/goDl/examples/showcase/showcase.go:67.119,72.29 4 1
github.com/fab2s/goDl/examples/showcase/showcase.go:72.29,73.17 1 1
github.com/fab2s/goDl/examples/showcase/showcase.go:73.17,75.4 1 1
github.com/fab2s/goDl/examples/showcase/showcase.go:78.2,79.18 2 1
github.com/fab2s/goDl/examples/showcase/showcase.go:79.18,81.3 1 0
github.com/fab2s/goDl/examples/showcase/showcase.go:83.2,84.39 2 1
github.com/fab2s/goDl/examples/showcase/showcase.go:87.58,87.88 1 1
github.com/fab2s/goDl/examples/showcase/showcase.go:88.58,88.72 1 1
github.com/fab2s/goDl/examples/showcase/showcase.go:111.44,133.2 2 1
github.com/fab2s/goDl/graph/dot.go:25.30,37.34 10 0
github.com/fab2s/goDl/graph/dot.go:37.34,39.3 1 0
github.com/fab2s/goDl/graph/dot.go:42.2,43.30 2 0
github.com/fab2s/goDl/graph/dot.go:43.30,45.3 1 0
github.com/fab2s/goDl/graph/dot.go:46.2,47.31 2 0
github.com/fab2s/goDl/graph/dot.go:47.31,49.3 1 0
github.com/fab2s/goDl/graph/dot.go:53.2,56.31 3 0
github.com/fab2s/goDl/graph/dot.go:56.31,57.51 1 0
github.com/fab2s/goDl/graph/dot.go:57.51,62.4 4 0
github.com/fab2s/goDl/graph/dot.go:67.2,67.33 1 0
github.com/fab2s/goDl/graph/dot.go:67.33,73.30 5 0
github.com/fab2s/goDl/graph/dot.go:73.30,74.25 1 0
github.com/fab2s/goDl/graph/dot.go:74.25,76.5 1 0
github.com/fab2s/goDl/graph/dot.go:76.10,81.5 3 0
github.com/fab2s/goDl/graph/dot.go:83.3,83.27 1 0
github.com/fab2s/goDl/graph/dot.go:87.2,87.31 1 0
github.com/fab2s/goDl/graph/dot.go:87.31,89.38 2 0
github.com/fab2s/goDl/graph/dot.go:89.38,91.4 1 0
github.com/fab2s/goDl/graph/dot.go:92.3,94.19 3 0
github.com/fab2s/goDl/graph/dot.go:94.19,96.4 1 0
github.com/fab2s/goDl/graph/dot.go:97.3,98.32 1 0
github.com/fab2s/goDl/graph/dot.go:102.2,102.28 1 0
github.com/fab2s/goDl/graph/dot.go:102.28,104.40 2 0
github.com/fab2s/goDl/graph/dot.go:104.40,106.4 1 0
github.com/fab2s/goDl/graph/dot.go:107.3,108.65 1 0
github.com/fab2s/goDl/graph/dot.go:111.2,112.19 2 0
github.com/fab2s/goDl/graph/dot.go:125.53,126.48 1 0
github.com/fab2s/goDl/graph/dot.go:126.48,129.3 1 0
github.com/fab2s/goDl/graph/dot.go:131.2,139.34 7 0
github.com/fab2s/goDl/graph/dot.go:139.34,141.3 1 0
github.com/fab2s/goDl/graph/dot.go:143.2,145.36 2 0
github.com/fab2s/goDl/graph/dot.go:145.36,147.52 2 0
github.com/fab2s/goDl/graph/dot.go:147.52,149.4 1 0
github.com/fab2s/goDl/graph/dot.go:152.2,152.17 1 0
github.com/fab2s/goDl/graph/dot.go:157.71,162.19 4 0
github.com/fab2s/goDl/graph/dot.go:162.19,164.3 1 0
github.com/fab2s/goDl/graph/dot.go:166.2,176.37 6 0
github.com/fab2s/goDl/graph/dot.go:176.37,179.53 3 0
github.com/fab2s/goDl/graph/dot.go:179.53,180.38 1 0
github.com/fab2s/goDl/graph/dot.go:180.38,182.5 1 0
github.com/fab2s/goDl/graph/dot.go:184.3,185.35 2 0
github.com/fab2s/goDl/graph/dot.go:185.35,187.4 1 0
github.com/fab2s/goDl/graph/dot.go:188.3,189.32 1 0
github.com/fab2s/goDl/graph/dot.go:193.2,198.29 3 0
github.com/fab2s/goDl/graph/dot.go:198.29,204.3 3 0
github.com/fab2s/goDl/graph/dot.go:206.2,206.26 1 0
github.com/fab2s/goDl/graph/dot.go:210.50,214.39 2 0
github.com/fab2s/goDl/graph/dot.go:214.39,216.3 1 0
github.com/fab2s/goDl/graph/dot.go:219.2,219.48 1 0
github.com/fab2s/goDl/graph/dot.go:219.48,221.3 1 0
github.com/fab2s/goDl/graph/dot.go:224.2,224.47 1 0
github.com/fab2s/goDl/graph/dot.go:224.47,226.3 1 0
github.com/fab2s/goDl/graph/dot.go:229.2,229.24 1 0
github.com/fab2s/goDl/graph/dot.go:229.24,230.44 1 0
github.com/fab2s/goDl/graph/dot.go:230.44,232.4 1 0
github.com/fab2s/goDl/graph/dot.go:236.2,236.19 1 0
github.com/fab2s/goDl/graph/dot.go:236.19,238.3 1 0
github.com/fab2s/goDl/graph/dot.go:240.2,240.14 1 0
github.com/fab2s/goDl/graph/dot.go:244.37,245.14 1 0
github.com/fab2s/goDl/graph/dot.go:245.14,247.3 1 0
github.com/fab2s/goDl/graph/dot.go:248.2,249.29 2 0
github.com/fab2s/goDl/graph/dot.go:249.29,251.3 1 0
github.com/fab2s/goDl/graph/dot.go:252.2,253.16 2 0
github.com/fab2s/goDl/graph/dot.go:253.16,255.3 1 0
github.com/fab2s/goDl/graph/dot.go:257.2,257.21 1 0
github.com/fab2s/goDl/graph/dot.go:257.21,259.3 1 0
github.com/fab2s/goDl/graph/dot.go:260.2,260.13 1 0
github.com/fab2s/goDl/graph/dot.go:264.32,265.36 1 0
github.com/fab2s/goDl/graph/dot.go:265.36,266.19 1 0
github.com/fab2s/goDl/graph/dot.go:266.19,269.29 3 0
github.com/fab2s/goDl/graph/dot.go:269.29,270.27 1 0
github.com/fab2s/goDl/graph/dot.go:270.27,272.11 2 0
github.com/fab2s/goDl/graph/dot.go:275.4,275.36 1 0
github.com/fab2s/goDl/graph/dot.go:275.36,277.5 1 0
github.com/fab2s/goDl/graph/dot.go:278.4,278.9 1 0
github.com/fab2s/goDl/graph/dot.go:281.2,281.11 1 0
github.com/fab2s/goDl/graph/dot.go:285.42,287.25 2 0
github.com/fab2s/goDl/graph/dot.go:287.25,289.3 1 0
github.com/fab2s/goDl/graph/dot.go:290.2,290.33 1 0
github.com/fab2s/goDl/graph/dot.go:294.73,297.9 2 0
github.com/fab2s/goDl/graph/dot.go:298.27,299.36 1 0
github.com/fab2s/goDl/graph/dot.go:300.15,301.31 1 0
github.com/fab2s/goDl/graph/dot.go:302.16,303.28 1 0
github.com/fab2s/goDl/graph/dot.go:305.44,306.30 1 0
github.com/fab2s/goDl/graph/dot.go:307.37,308.29 1 0
github.com/fab2s/goDl/graph/dot.go:309.45,310.29 1 0
github.com/fab2s/goDl/graph/dot.go:312.37,313.36 1 0
github.com/fab2s/goDl/graph/dot.go:314.38,315.28 1 0
github.com/fab2s/goDl/graph/dot.go:316.40,317.30 1 0
github.com/fab2s/goDl/graph/dot.go:319.39,320.26 1 0
github.com/fab2s/goDl/graph/dot.go:322.41,323.26 1 0
github.com/fab2s/goDl/graph/dot.go:324.24,325.30 1 0
github.com/fab2s/goDl/graph/dot.go:326.18,327.26 1 0
github.com/fab2s/goDl/graph/dot.go:329.10,330.26 1 0
github.com/fab2s/goDl/graph/dot.go:335.57,336.44 1 0
github.com/fab2s/goDl/graph/dot.go:336.44,339.3 2 0
github.com/fab2s/goDl/graph/dot.go:340.2,340.75 1 0
github.com/fab2s/goDl/graph/dot.go:340.75,342.3 1 0
github.com/fab2s/goDl/graph/dot.go:343.2,343.31 1 0
github.com/fab2s/goDl/graph/dot.go:346.35,347.94 1 0
github.com/fab2s/goDl/graph/dot.go:347.94,348.36 1 0
github.com/fab2s/goDl/graph/dot.go:348.36,350.4 1 0
github.com/fab2s/goDl/graph/dot.go:352.2,352.14 1 0
github.com/fab2s/goDl/graph/dot.go:355.29,357.2 1 0
github.com/fab2s/goDl/graph/dot.go:360.47,362.27 2 0
github.com/fab2s/goDl/graph/dot.go:362.27,364.3 1 0
github.com/fab2s/goDl/graph/dot.go:365.2,365.14 1 0
github.com/fab2s/goDl/graph/dot.go:369.34,370.9 1 0
github.com/fab2s/goDl/graph/dot.go:371.22,372.59 1 0
github.com/fab2s/goDl/graph/dot.go:373.18,374.55 1 0
github.com/fab2s/goDl/graph/dot.go:375.10,376.37 1 0
github.com/fab2s/goDl/graph/flow.go:61.37,72.39 6 1
github.com/fab2s/goDl/graph/flow.go:72.39,78.3 1 1
github.com/fab2s/goDl/graph/flow.go:80.2,80.11 1 1
github.com/fab2s/goDl/graph/flow.go:85.58,86.19 1 1
github.com/fab2s/goDl/graph/flow.go:86.19,88.3 1 0
github.com/fab2s/goDl/graph/flow.go:89.2,89.26 1 1
github.com/fab2s/goDl/graph/flow.go:89.26,92.3 2 0
github.com/fab2s/goDl/graph/flow.go:94.2,107.11 7 1
github.com/fab2s/goDl/graph/flow.go:113.55,114.19 1 1
github.com/fab2s/goDl/graph/flow.go:114.19,116.3 1 0
github.com/fab2s/goDl/graph/flow.go:117.2,117.26 1 1
github.com/fab2s/goDl/graph/flow.go:117.26,120.3 2 0
github.com/fab2s/goDl/graph/flow.go:122.2,152.11 11 1
github.com/fab2s/goDl/graph/flow.go:158.65,159.19 1 1
github.com/fab2s/goDl/graph/flow.go:159.19,161.3 1 0
github.com/fab2s/goDl/graph/flow.go:162.2,162.26 1 1
github.com/fab2s/goDl/graph/flow.go:162.26,165.3 2 0
github.com/fab2s/goDl/graph/flow.go:166.2,166.22 1 1
github.com/fab2s/goDl/graph/flow.go:166.22,169.3 2 0
github.com/fab2s/goDl/graph/flow.go:171.2,174.28 3 1
github.com/fab2s/goDl/graph/flow.go:174.28,184.3 4 1
github.com/fab2s/goDl/graph/flow.go:186.2,188.11 3 1
github.com/fab2s/goDl/graph/flow.go:203.56,206.2 2 1
github.com/fab2s/goDl/graph/flow.go:215.58,218.2 2 1
github.com/fab2s/goDl/graph/flow.go:222.56,223.19 1 1
github.com/fab2s/goDl/graph/flow.go:223.19,225.3 1 0
github.com/fab2s/goDl/graph/flow.go:226.2,226.25 1 1
github.com/fab2s/goDl/graph/flow.go:226.25,229.3 2 0
github.com/fab2s/goDl/graph/flow.go:231.2,234.33 3 1
github.com/fab2s/goDl/graph/flow.go:234.33,241.3 1 1
github.com/fab2s/goDl/graph/flow.go:243.2,245.11 3 1
github.com/fab2s/goDl/graph/flow.go:256.54,257.19 1 1
github.com/fab2s/goDl/graph/flow.go:257.19,259.3 1 0
github.com/fab2s/goDl/graph/flow.go:260.2,260.26 1 1
github.com/fab2s/goDl/graph/flow.go:260.26,263.3 2 0
github.com/fab2s/goDl/graph/flow.go:264.2,264.20 1 1
github.com/fab2s/goDl/graph/flow.go:264.20,266.3 1 1
github.com/fab2s/goDl/graph/flow.go:267.2,267.40 1 1
github.com/fab2s/goDl/graph/flow.go:267.40,270.3 2 1
github.com/fab2s/goDl/graph/flow.go:272.2,276.41 3 1
github.com/fab2s/goDl/graph/flow.go:276.41,277.29 1 1
github.com/fab2s/goDl/graph/flow.go:277.29,284.4 1 1
github.com/fab2s/goDl/graph/flow.go:285.3,285.27 1 1
github.com/fab2s/goDl/graph/flow.go:288.2,288.11 1 1
github.com/fab2s/goDl/graph/flow.go:306.59,307.19 1 1
github.com/fab2s/goDl/graph/flow.go:307.19,309.3 1 0
github.com/fab2s/goDl/graph/flow.go:310.2,310.20 1 1
github.com/fab2s/goDl/graph/flow.go:310.20,312.3 1 0
github.com/fab2s/goDl/graph/flow.go:315.2,316.9 2 1
github.com/fab2s/goDl/graph/flow.go:317.26,318.36 1 1
github.com/fab2s/goDl/graph/flow.go:319.27,320.23 1 1
github.com/fab2s/goDl/graph/flow.go:321.10,323.12 2 0
github.com/fab2s/goDl/graph/flow.go:326.2,326.33 1 1
github.com/fab2s/goDl/graph/flow.go:326.33,327.52 1 1
github.com/fab2s/goDl/graph/flow.go:327.52,330.4 2 0
github.com/fab2s/goDl/graph/flow.go:332.2,332.11 1 1
github.com/fab2s/goDl/graph/flow.go:338.72,340.27 2 1
github.com/fab2s/goDl/graph/flow.go:340.27,344.9 3 1
github.com/fab2s/goDl/graph/flow.go:344.9,353.12 3 1
github.com/fab2s/goDl/graph/flow.go:357.3,365.24 4 1
github.com/fab2s/goDl/graph/flow.go:365.24,367.4 1 1
github.com/fab2s/goDl/graph/flow.go:368.3,371.5 1 1
github.com/fab2s/goDl/graph/flow.go:373.2,373.12 1 1
github.com/fab2s/goDl/graph/flow.go:379.48,380.19 1 1
github.com/fab2s/goDl/graph/flow.go:380.19,382.3 1 1
github.com/fab2s/goDl/graph/flow.go:383.2,383.26 1 1
github.com/fab2s/goDl/graph/flow.go:383.26,385.3 1 1
github.com/fab2s/goDl/graph/flow.go:386.2,386.26 1 1
github.com/fab2s/goDl/graph/flow.go:386.26,388.3 1 1
github.com/fab2s/goDl/graph/flow.go:391.2,391.31 1 1
github.com/fab2s/goDl/graph/flow.go:391.31,393.3 1 1
github.com/fab2s/goDl/graph/flow.go:396.2,405.33 4 1
github.com/fab2s/goDl/graph/flow.go:405.33,407.3 1 1
github.com/fab2s/goDl/graph/flow.go:409.2,409.84 1 1
github.com/fab2s/goDl/graph/flow.go:414.56,426.2 5 1
github.com/fab2s/goDl/graph/flow.go:430.51,435.19 4 1
github.com/fab2s/goDl/graph/flow.go:435.19,437.3 1 1
github.com/fab2s/goDl/graph/flow.go:439.2,439.73 1 1
github.com/fab2s/goDl/graph/flow.go:439.73,441.36 2 1
github.com/fab2s/goDl/graph/flow.go:441.36,443.4 1 1
github.com/fab2s/goDl/graph/flow.go:444.3,444.38 1 1
github.com/fab2s/goDl/graph/flow.go:444.38,446.4 1 0
github.com/fab2s/goDl/graph/flow.go:447.3,447.43 1 1
github.com/fab2s/goDl/graph/flow.go:450.2,455.39 1 1
github.com/fab2s/goDl/graph/flow.go:455.39,455.53 1 0
github.com/fab2s/goDl/graph/flow.go:457.2,457.54 1 1
github.com/fab2s/goDl/graph/flow.go:461.68,465.19 3 1
github.com/fab2s/goDl/graph/flow.go:465.19,467.3 1 1
github.com/fab2s/goDl/graph/flow.go:469.2,478.54 4 1
github.com/fab2s/goDl/graph/flow.go:483.63,491.39 3 1
github.com/fab2s/goDl/graph/flow.go:491.39,491.53 1 0
github.com/fab2s/goDl/graph/flow.go:493.2,493.56 1 1
github.com/fab2s/goDl/graph/flow.go:496.47,498.29 2 1
github.com/fab2s/goDl/graph/flow.go:498.29,500.3 1 1
github.com/fab2s/goDl/graph/flow.go:501.2,502.16 2 1
github.com/fab2s/goDl/graph/flow.go:502.16,504.3 1 0
github.com/fab2s/goDl/graph/flow.go:505.2,507.13 3 1
github.com/fab2s/goDl/graph/gate.go:31.82,32.19 1 1
github.com/fab2s/goDl/graph/gate.go:32.19,34.3 1 0
github.com/fab2s/goDl/graph/gate.go:35.2,35.26 1 1
github.com/fab2s/goDl/graph/gate.go:35.26,38.3 2 0
github.com/fab2s/goDl/graph/gate.go:39.2,39.22 1 1
github.com/fab2s/goDl/graph/gate.go:39.22,42.3 2 1
github.com/fab2s/goDl/graph/gate.go:44.2,58.33 6 1
github.com/fab2s/goDl/graph/gate.go:58.33,68.3 4 1
github.com/fab2s/goDl/graph/gate.go:71.2,83.33 4 1
github.com/fab2s/goDl/graph/gate.go:83.33,90.3 1 1
github.com/fab2s/goDl/graph/gate.go:92.2,94.11 3 1
github.com/fab2s/goDl/graph/gate.go:103.67,109.28 5 1
github.com/fab2s/goDl/graph/gate.go:109.28,111.3 1 1
github.com/fab2s/goDl/graph/gate.go:113.2,113.73 1 1
github.com/fab2s/goDl/graph/gate.go:113.73,121.34 5 1
github.com/fab2s/goDl/graph/gate.go:121.34,123.34 2 1
github.com/fab2s/goDl/graph/gate.go:123.34,125.5 1 0
github.com/fab2s/goDl/graph/gate.go:128.4,128.27 1 1
github.com/fab2s/goDl/graph/gate.go:128.27,131.5 2 1
github.com/fab2s/goDl/graph/gate.go:133.4,134.21 2 1
github.com/fab2s/goDl/graph/gate.go:134.21,136.5 1 1
github.com/fab2s/goDl/graph/gate.go:136.10,138.5 1 1
github.com/fab2s/goDl/graph/gate.go:139.4,139.39 1 1
github.com/fab2s/goDl/graph/gate.go:139.39,141.5 1 0
github.com/fab2s/goDl/graph/gate.go:144.3,144.43 1 1
github.com/fab2s/goDl/graph/gate.go:147.2,152.39 1 1
github.com/fab2s/goDl/graph/gate.go:152.39,152.53 1 1
github.com/fab2s/goDl/graph/gate.go:154.2,154.54 1 1
github.com/fab2s/goDl/graph/graph.go:83.74,84.34 1 1
github.com/fab2s/goDl/graph/graph.go:84.34,87.3 1 1
github.com/fab2s/goDl/graph/graph.go:90.2,91.31 2 1
github.com/fab2s/goDl/graph/graph.go:91.31,93.3 1 1
github.com/fab2s/goDl/graph/graph.go:96.2,96.30 1 1
github.com/fab2s/goDl/graph/graph.go:96.30,100.3 3 1
github.com/fab2s/goDl/graph/graph.go:103.2,104.33 2 1
github.com/fab2s/goDl/graph/graph.go:104.33,105.67 1 1
github.com/fab2s/goDl/graph/graph.go:105.67,107.4 1 0
github.com/fab2s/goDl/graph/graph.go:111.2,114.37 4 1
github.com/fab2s/goDl/graph/graph.go:124.9,125.21 1 1
github.com/fab2s/goDl/graph/graph.go:125.21,127.3 1 1
github.com/fab2s/goDl/graph/graph.go:130.2,134.29 4 1
github.com/fab2s/goDl/graph/graph.go:134.29,136.29 2 1
github.com/fab2s/goDl/graph/graph.go:136.29,140.18 4 1
github.com/fab2s/goDl/graph/graph.go:140.18,143.5 2 0
github.com/fab2s/goDl/graph/graph.go:144.4,144.23 1 1
github.com/fab2s/goDl/graph/graph.go:147.2,150.29 2 1
github.com/fab2s/goDl/graph/graph.go:150.29,151.21 1 1
github.com/fab2s/goDl/graph/graph.go:151.21,153.4 1 0
github.com/fab2s/goDl/graph/graph.go:154.3,156.35 3 1
github.com/fab2s/goDl/graph/graph.go:158.2,158.12 1 1
github.com/fab2s/goDl/graph/graph.go:164.53,165.41 1 1
github.com/fab2s/goDl/graph/graph.go:165.41,167.3 1 1
github.com/fab2s/goDl/graph/graph.go:168.2,168.35 1 1
github.com/fab2s/goDl/graph/graph.go:168.35,169.23 1 1
github.com/fab2s/goDl/graph/graph.go:169.23,171.4 1 1
github.com/fab2s/goDl/graph/graph.go:180.9,183.16 3 1
github.com/fab2s/goDl/graph/graph.go:183.16,185.3 1 0
github.com/fab2s/goDl/graph/graph.go:186.2,189.12 4 1
github.com/fab2s/goDl/graph/graph.go:197.3,198.44 1 1
github.com/fab2s/goDl/graph/graph.go:198.44,203.3 4 1
github.com/fab2s/goDl/graph/graph.go:209.46,212.31 3 1
github.com/fab2s/goDl/graph/graph.go:212.31,213.25 1 1
github.com/fab2s/goDl/graph/graph.go:213.25,214.12 1 0
github.com/fab2s/goDl/graph/graph.go:216.3,216.35 1 1
github.com/fab2s/goDl/graph/graph.go:216.35,217.16 1 1
github.com/fab2s/goDl/graph/graph.go:217.16,220.5 2 1
github.com/fab2s/goDl/graph/graph.go:223.2,223.15 1 1
github.com/fab2s/goDl/graph/graph.go:227.69,228.28 1 1
github.com/fab2s/goDl/graph/graph.go:228.28,229.28 1 1
github.com/fab2s/goDl/graph/graph.go:229.28,232.4 2 1
github.com/fab2s/goDl/graph/graph.go:239.44,240.31 1 1
github.com/fab2s/goDl/graph/graph.go:240.31,241.25 1 1
github.com/fab2s/goDl/graph/graph.go:241.25,242.12 1 0
github.com/fab2s/goDl/graph/graph.go:244.3,244.40 1 1
github.com/fab2s/goDl/graph/graph.go:259.61,261.9 2 1
github.com/fab2s/goDl/graph/graph.go:261.9,263.3 1 1
github.com/fab2s/goDl/graph/graph.go:264.2,265.31 2 1
github.com/fab2s/goDl/graph/graph.go:265.31,267.3 1 0
github.com/fab2s/goDl/graph/graph.go:268.2,268.22 1 1
github.com/fab2s/goDl/graph/graph.go:282.40,283.21 1 1
github.com/fab2s/goDl/graph/graph.go:283.21,285.3 1 1
github.com/fab2s/goDl/graph/graph.go:286.2,286.27 1 1
github.com/fab2s/goDl/graph/graph.go:286.27,288.3 1 1
github.com/fab2s/goDl/graph/graph.go:292.42,293.27 1 1
github.com/fab2s/goDl/graph/graph.go:293.27,295.3 1 1
github.com/fab2s/goDl/graph/graph.go:304.35,305.28 1 1
github.com/fab2s/goDl/graph/graph.go:305.28,306.44 1 1
github.com/fab2s/goDl/graph/graph.go:306.44,308.4 1 1
github.com/fab2s/goDl/graph/graph.go:314.30,315.28 1 1
github.com/fab2s/goDl/graph/graph.go:315.28,317.3 1 1
github.com/fab2s/goDl/graph/graph.go:322.31,323.28 1 1
github.com/fab2s/goDl/graph/graph.go:323.28,324.21 1 1
github.com/fab2s/goDl/graph/graph.go:324.21,326.4 1 1
github.com/fab2s/goDl/graph/graph.go:333.82,336.24 2 1
github.com/fab2s/goDl/graph/graph.go:336.24,338.3 1 1
github.com/fab2s/goDl/graph/graph.go:339.2,339.29 1 1
github.com/fab2s/goDl/graph/graph.go:339.29,341.3 1 1
github.com/fab2s/goDl/graph/graph.go:344.2,345.26 2 1
github.com/fab2s/goDl/graph/graph.go:345.26,347.3 1 1
github.com/fab2s/goDl/graph/graph.go:350.2,351.32 2 1
github.com/fab2s/goDl/graph/graph.go:351.32,352.15 1 1
github.com/fab2s/goDl/graph/graph.go:352.15,354.4 1 1
github.com/fab2s/goDl/graph/graph.go:357.2,358.21 2 1
github.com/fab2s/goDl/graph/graph.go:358.21,361.28 2 1
github.com/fab2s/goDl/graph/graph.go:361.28,363.4 1 1
github.com/fab2s/goDl/graph/graph.go:364.3,368.28 3 1
github.com/fab2s/goDl/graph/graph.go:368.28,369.30 1 1
github.com/fab2s/goDl/graph/graph.go:369.30,370.14 1 1
github.com/fab2s/goDl/graph/graph.go:370.14,373.29 3 1
github.com/fab2s/goDl/graph/graph.go:373.29,375.7 1 1
github.com/fab2s/goDl/graph/graph.go:379.3,379.15 1 1
github.com/fab2s/goDl/graph/graph.go:383.2,384.31 2 1
github.com/fab2s/goDl/graph/graph.go:384.31,386.3 1 1
github.com/fab2s/goDl/graph/graph.go:387.2,387.25 1 1
github.com/fab2s/goDl/graph/graph.go:387.25,389.3 1 0
github.com/fab2s/goDl/graph/graph.go:391.2,391.20 1 1
github.com/fab2s/goDl/graph/graph.go:395.149,397.29 1 1
github.com/fab2s/goDl/graph/graph.go:397.29,399.10 2 1
github.com/fab2s/goDl/graph/graph.go:399.10,401.4 1 0
github.com/fab2s/goDl/graph/graph.go:402.3,402.57 1 1
github.com/fab2s/goDl/graph/graph.go:402.57,404.4 1 0
github.com/fab2s/goDl/graph/graph.go:405.3,406.10 2 1
github.com/fab2s/goDl/graph/graph.go:406.10,408.4 1 0
github.com/fab2s/goDl/graph/graph.go:409.3,409.52 1 1
github.com/fab2s/goDl/graph/graph.go:409.52,411.4 1 0
github.com/fab2s/goDl/graph/graph.go:415.2,416.29 2 1
github.com/fab2s/goDl/graph/graph.go:416.29,418.21 2 1
github.com/fab2s/goDl/graph/graph.go:418.21,420.4 1 0
github.com/fab2s/goDl/graph/graph.go:421.3,421.24 1 1
github.com/fab2s/goDl/graph/graph.go:425.2,425.28 1 1
github.com/fab2s/goDl/graph/graph.go:425.28,427.10 2 1
github.com/fab2s/goDl/graph/graph.go:427.10,429.4 1 0
github.com/fab2s/goDl/graph/graph.go:430.3,430.46 1 1
github.com/fab2s/goDl/graph/graph.go:430.46,432.4 1 0
github.com/fab2s/goDl/graph/graph.go:434.2,434.29 1 1
github.com/fab2s/goDl/graph/graph.go:434.29,436.10 2 1
github.com/fab2s/goDl/graph/graph.go:436.10,438.4 1 0
github.com/fab2s/goDl/graph/graph.go:439.3,439.47 1 1
github.com/fab2s/goDl/graph/graph.go:439.47,441.4 1 0
github.com/fab2s/goDl/graph/graph.go:445.2,445.52 1 1
github.com/fab2s/goDl/graph/graph.go:445.52,447.3 1 1
github.com/fab2s/goDl/graph/graph.go:450.2,451.29 2 1
github.com/fab2s/goDl/graph/graph.go:451.29,461.87 3 1
github.com/fab2s/goDl/graph/graph.go:461.87,463.4 1 1
github.com/fab2s/goDl/graph/graph.go:467.2,468.16 2 1
github.com/fab2s/goDl/graph/graph.go:468.16,470.3 1 0
github.com/fab2s/goDl/graph/graph.go:472.2,473.31 2 1
github.com/fab2s/goDl/graph/graph.go:473.31,475.3 1 1
github.com/fab2s/goDl/graph/graph.go:478.2,479.29 2 1
github.com/fab2s/goDl/graph/graph.go:479.29,481.3 1 1
github.com/fab2s/goDl/graph/graph.go:483.2,493.8 1 1
github.com/fab2s/goDl/graph/graph.go:497.49,498.26 1 1
github.com/fab2s/goDl/graph/graph.go:498.26,499.16 1 1
github.com/fab2s/goDl/graph/graph.go:499.16,501.4 1 1
github.com/fab2s/goDl/graph/graph.go:503.2,503.11 1 0
github.com/fab2s/goDl/graph/halt.go:13.49,15.2 1 1
github.com/fab2s/goDl/graph/halt.go:21.79,24.29 3 1
github.com/fab2s/goDl/graph/halt.go:24.29,25.17 1 1
github.com/fab2s/goDl/graph/halt.go:25.17,27.4 1 1
github.com/fab2s/goDl/graph/halt.go:29.2,31.39 3 1
github.com/fab2s/goDl/graph/halt.go:34.51,34.65 1 0
github.com/fab2s/goDl/graph/halt.go:44.44,48.2 1 0
github.com/fab2s/goDl/graph/halt.go:54.86,56.2 1 0
github.com/fab2s/goDl/graph/halt.go:58.58,60.2 1 0
github.com/fab2s/goDl/graph/loop.go:41.48,43.19 2 1
github.com/fab2s/goDl/graph/loop.go:43.19,45.3 1 0
github.com/fab2s/goDl/graph/loop.go:46.2,46.26 1 1
github.com/fab2s/goDl/graph/loop.go:46.26,49.3 2 0
github.com/fab2s/goDl/graph/loop.go:50.2,50.11 1 1
github.com/fab2s/goDl/graph/loop.go:50.11,53.3 2 0
github.com/fab2s/goDl/graph/loop.go:55.2,55.54 1 1
github.com/fab2s/goDl/graph/loop.go:70.72,72.19 2 1
github.com/fab2s/goDl/graph/loop.go:72.19,74.3 1 0
github.com/fab2s/goDl/graph/loop.go:75.2,75.26 1 1
github.com/fab2s/goDl/graph/loop.go:75.26,78.3 2 0
github.com/fab2s/goDl/graph/loop.go:79.2,79.17 1 1
github.com/fab2s/goDl/graph/loop.go:79.17,82.3 2 0
github.com/fab2s/goDl/graph/loop.go:84.2,85.70 2 1
github.com/fab2s/goDl/graph/loop.go:103.72,105.19 2 1
github.com/fab2s/goDl/graph/loop.go:105.19,107.3 1 0
github.com/fab2s/goDl/graph/loop.go:108.2,108.26 1 1
github.com/fab2s/goDl/graph/loop.go:108.26,111.3 2 0
github.com/fab2s/goDl/graph/loop.go:112.2,112.17 1 1
github.com/fab2s/goDl/graph/loop.go:112.17,115.3 2 0
github.com/fab2s/goDl/graph/loop.go:117.2,118.70 2 1
github.com/fab2s/goDl/graph/loop.go:122.71,150.2 11 1
github.com/fab2s/goDl/graph/loop.go:156.58,157.73 1 1
github.com/fab2s/goDl/graph/loop.go:157.73,159.24 2 1
github.com/fab2s/goDl/graph/loop.go:159.24,161.38 2 1
github.com/fab2s/goDl/graph/loop.go:161.38,163.5 1 0
github.com/fab2s/goDl/graph/loop.go:165.3,165.42 1 1
github.com/fab2s/goDl/graph/loop.go:171.68,172.73 1 1
github.com/fab2s/goDl/graph/loop.go:172.73,174.26 2 1
github.com/fab2s/goDl/graph/loop.go:174.26,176.37 2 1
github.com/fab2s/goDl/graph/loop.go:176.37,178.5 1 0
github.com/fab2s/goDl/graph/loop.go:179.4,180.18 2 1
github.com/fab2s/goDl/graph/loop.go:180.18,182.5 1 0
github.com/fab2s/goDl/graph/loop.go:183.4,183.36 1 1
github.com/fab2s/goDl/graph/loop.go:183.36,184.10 1 1
github.com/fab2s/goDl/graph/loop.go:186.4,187.38 2 1
github.com/fab2s/goDl/graph/loop.go:187.38,189.5 1 0
github.com/fab2s/goDl/graph/loop.go:191.3,191.42 1 1
github.com/fab2s/goDl/graph/loop.go:197.68,198.73 1 1
github.com/fab2s/goDl/graph/loop.go:198.73,200.26 2 1
github.com/fab2s/goDl/graph/loop.go:200.26,202.38 2 1
github.com/fab2s/goDl/graph/loop.go:202.38,204.5 1 0
github.com/fab2s/goDl/graph/loop.go:206.4,206.21 1 1
github.com/fab2s/goDl/graph/loop.go:206.21,208.38 2 1
github.com/fab2s/goDl/graph/loop.go:208.38,210.6 1 0
github.com/fab2s/goDl/graph/loop.go:211.5,212.19 2 1
github.com/fab2s/goDl/graph/loop.go:212.19,214.6 1 0
github.com/fab2s/goDl/graph/loop.go:215.5,215.37 1 1
github.com/fab2s/goDl/graph/loop.go:215.37,216.11 1 1
github.com/fab2s/goDl/graph/loop.go:220.3,220.42 1 1
github.com/fab2s/goDl/graph/loop.go:233.83,235.2 1 0
github.com/fab2s/goDl/graph/loop.go:237.55,241.2 3 1
github.com/fab2s/goDl/graph/loop.go:243.53,246.2 2 1
github.com/fab2s/goDl/graph/map.go:45.45,48.2 2 1
github.com/fab2s/goDl/graph/map.go:53.53,55.19 2 1
github.com/fab2s/goDl/graph/map.go:55.19,57.3 1 0
github.com/fab2s/goDl/graph/map.go:58.2,58.26 1 1
github.com/fab2s/goDl/graph/map.go:58.26,61.3 2 0
github.com/fab2s/goDl/graph/map.go:63.2,64.9 2 1
github.com/fab2s/goDl/graph/map.go:64.9,67.3 2 1
github.com/fab2s/goDl/graph/map.go:69.2,69.21 1 1
github.com/fab2s/goDl/graph/map.go:78.43,80.19 2 1
github.com/fab2s/goDl/graph/map.go:80.19,82.3 1 0
github.com/fab2s/goDl/graph/map.go:83.2,83.26 1 1
github.com/fab2s/goDl/graph/map.go:83.26,86.3 2 0
github.com/fab2s/goDl/graph/map.go:88.2,88.31 1 1
github.com/fab2s/goDl/graph/map.go:103.50,105.19 2 1
github.com/fab2s/goDl/graph/map.go:105.19,107.3 1 0
github.com/fab2s/goDl/graph/map.go:108.2,108.26 1 1
github.com/fab2s/goDl/graph/map.go:108.26,111.3 2 0
github.com/fab2s/goDl/graph/map.go:112.2,112.11 1 1
github.com/fab2s/goDl/graph/map.go:112.11,115.3 2 0
github.com/fab2s/goDl/graph/map.go:117.2,132.16 8 1
github.com/fab2s/goDl/graph/map.go:132.16,134.3 1 1
github.com/fab2s/goDl/graph/map.go:134.8,136.3 1 1
github.com/fab2s/goDl/graph/map.go:137.2,149.11 6 1
github.com/fab2s/goDl/graph/map.go:153.58,169.16 8 1
github.com/fab2s/goDl/graph/map.go:169.16,171.3 1 1
github.com/fab2s/goDl/graph/map.go:171.8,173.3 1 1
github.com/fab2s/goDl/graph/map.go:174.2,186.11 6 1
github.com/fab2s/goDl/graph/map.go:192.55,193.73 1 1
github.com/fab2s/goDl/graph/map.go:193.73,197.13 4 1
github.com/fab2s/goDl/graph/map.go:197.13,199.4 1 0
github.com/fab2s/goDl/graph/map.go:202.3,206.33 4 1
github.com/fab2s/goDl/graph/map.go:206.33,209.43 3 1
github.com/fab2s/goDl/graph/map.go:209.43,211.5 1 0
github.com/fab2s/goDl/graph/map.go:215.3,216.37 2 1
github.com/fab2s/goDl/graph/map.go:216.37,218.4 1 1
github.com/fab2s/goDl/graph/map.go:219.3,219.39 1 1
github.com/fab2s/goDl/graph/map.go:219.39,221.4 1 0
github.com/fab2s/goDl/graph/map.go:223.3,223.44 1 1
github.com/fab2s/goDl/graph/map.go:229.68,230.73 1 1
github.com/fab2s/goDl/graph/map.go:230.73,233.21 3 1
github.com/fab2s/goDl/graph/map.go:233.21,235.4 1 0
github.com/fab2s/goDl/graph/map.go:237.3,238.28 2 1
github.com/fab2s/goDl/graph/map.go:238.28,240.4 1 0
github.com/fab2s/goDl/graph/map.go:241.3,253.39 8 1
github.com/fab2s/goDl/graph/map.go:253.39,256.43 3 1
github.com/fab2s/goDl/graph/map.go:256.43,258.5 1 0
github.com/fab2s/goDl/graph/map.go:262.3,263.37 2 1
github.com/fab2s/goDl/graph/map.go:263.37,265.4 1 1
github.com/fab2s/goDl/graph/map.go:268.3,272.42 4 1
github.com/fab2s/goDl/graph/map.go:272.42,274.4 1 0
github.com/fab2s/goDl/graph/map.go:275.3,275.47 1 1
github.com/fab2s/goDl/graph/map.go:284.82,286.2 1 0
github.com/fab2s/goDl/graph/map.go:288.54,290.2 1 1
github.com/fab2s/goDl/graph/map.go:292.52,294.2 1 1
github.com/fab2s/goDl/graph/map.go:298.180,299.9 1 1
github.com/fab2s/goDl/graph/map.go:300.44,301.66 1 0
github.com/fab2s/goDl/graph/map.go:301.66,303.4 1 0
github.com/fab2s/goDl/graph/map.go:304.3,304.81 1 0
github.com/fab2s/goDl/graph/map.go:305.32,306.81 1 0
github.com/fab2s/goDl/graph/map.go:307.10,308.28 1 1
github.com/fab2s/goDl/graph/map.go:315.59,316.73 1 1
github.com/fab2s/goDl/graph/map.go:316.73,318.38 2 1
github.com/fab2s/goDl/graph/map.go:318.38,320.4 1 0
github.com/fab2s/goDl/graph/map.go:321.3,321.43 1 1
github.com/fab2s/goDl/graph/map.go:328.63,329.73 1 1
github.com/fab2s/goDl/graph/map.go:329.73,332.21 3 1
github.com/fab2s/goDl/graph/map.go:332.21,334.4 1 0
github.com/fab2s/goDl/graph/map.go:336.3,337.28 2 1
github.com/fab2s/goDl/graph/map.go:337.28,339.4 1 0
github.com/fab2s/goDl/graph/map.go:340.3,348.38 5 1
github.com/fab2s/goDl/graph/map.go:348.38,350.4 1 0
github.com/fab2s/goDl/graph/map.go:353.3,357.42 4 1
github.com/fab2s/goDl/graph/map.go:357.42,359.4 1 0
github.com/fab2s/goDl/graph/map.go:360.3,360.47 1 1
github.com/fab2s/goDl/graph/merge.go:19.22,21.2 1 1
github.com/fab2s/goDl/graph/merge.go:25.77,26.22 1 1
github.com/fab2s/goDl/graph/merge.go:26.22,28.3 1 0
github.com/fab2s/goDl/graph/merge.go:29.2,30.35 2 1
github.com/fab2s/goDl/graph/merge.go:30.35,32.3 1 1
github.com/fab2s/goDl/graph/merge.go:33.2,33.15 1 1
github.com/fab2s/goDl/graph/merge.go:36.49,36.63 1 0
github.com/fab2s/goDl/graph/merge.go:44.23,46.2 1 0
github.com/fab2s/goDl/graph/merge.go:50.78,51.22 1 0
github.com/fab2s/goDl/graph/merge.go:51.22,53.3 1 0
github.com/fab2s/goDl/graph/merge.go:54.2,55.35 2 0
github.com/fab2s/goDl/graph/merge.go:55.35,57.3 1 0
github.com/fab2s/goDl/graph/merge.go:58.2,58.53 1 0
github.com/fab2s/goDl/graph/merge.go:61.50,61.64 1 0
github.com/fab2s/goDl/graph/merge.go:71.29,73.2 1 0
github.com/fab2s/goDl/graph/merge.go:79.77,80.22 1 0
github.com/fab2s/goDl/graph/merge.go:80.22,82.3 1 0
github.com/fab2s/goDl/graph/merge.go:83.2,84.35 2 0
github.com/fab2s/goDl/graph/merge.go:84.35,86.3 1 0
github.com/fab2s/goDl/graph/merge.go:87.2,87.15 1 0
github.com/fab2s/goDl/graph/merge.go:90.49,90.63 1 0
github.com/fab2s/goDl/graph/node.go:32.51,33.46 1 1
github.com/fab2s/goDl/graph/node.go:33.46,34.74 1 0
github.com/fab2s/goDl/graph/node.go:34.74,37.19 3 0
github.com/fab2s/goDl/graph/node.go:37.19,39.5 1 0
github.com/fab2s/goDl/graph/node.go:39.10,41.5 1 0
github.com/fab2s/goDl/graph/node.go:42.4,42.39 1 0
github.com/fab2s/goDl/graph/node.go:42.39,44.5 1 0
github.com/fab2s/goDl/graph/node.go:45.4,45.44 1 0
github.com/fab2s/goDl/graph/node.go:48.2,48.73 1 1
github.com/fab2s/goDl/graph/node.go:48.73,50.38 2 1
github.com/fab2s/goDl/graph/node.go:50.38,52.4 1 0
github.com/fab2s/goDl/graph/node.go:53.3,53.43 1 1
github.com/fab2s/goDl/graph/node.go:64.93,66.29 2 1
github.com/fab2s/goDl/graph/node.go:66.29,67.38 1 1
github.com/fab2s/goDl/graph/node.go:67.38,69.9 2 1
github.com/fab2s/goDl/graph/node.go:72.2,72.14 1 1
github.com/fab2s/goDl/graph/node.go:72.14,74.3 1 0
github.com/fab2s/goDl/graph/node.go:76.2,77.29 2 1
github.com/fab2s/goDl/graph/node.go:77.29,78.74 1 1
github.com/fab2s/goDl/graph/node.go:78.74,80.4 1 1
github.com/fab2s/goDl/graph/node.go:82.2,82.13 1 1
github.com/fab2s/goDl/graph/node.go:89.57,90.29 1 1
github.com/fab2s/goDl/graph/node.go:90.29,92.28 2 1
github.com/fab2s/goDl/graph/node.go:92.28,94.4 1 1
github.com/fab2s/goDl/graph/node.go:95.3,95.20 1 1
github.com/fab2s/goDl/graph/node.go:95.20,96.12 1 1
github.com/fab2s/goDl/graph/node.go:98.3,99.10 2 1
github.com/fab2s/goDl/graph/node.go:99.10,100.12 1 1
github.com/fab2s/goDl/graph/node.go:104.3,105.40 2 1
github.com/fab2s/goDl/graph/node.go:105.40,106.61 1 1
github.com/fab2s/goDl/graph/node.go:106.61,108.5 1 1
github.com/fab2s/goDl/graph/node.go:111.3,114.26 2 1
github.com/fab2s/goDl/graph/node.go:114.26,120.4 1 1
github.com/fab2s/goDl/graph/node.go:123.3,124.31 2 1
github.com/fab2s/goDl/graph/node.go:124.31,126.4 1 1
github.com/fab2s/goDl/graph/node.go:127.3,127.32 1 1
github.com/fab2s/goDl/graph/node.go:127.32,128.22 1 1
github.com/fab2s/goDl/graph/node.go:128.22,134.5 1 1
github.com/fab2s/goDl/graph/node.go:138.3,139.30 2 1
github.com/fab2s/goDl/graph/node.go:139.30,141.4 1 1
github.com/fab2s/goDl/graph/node.go:142.3,142.31 1 1
github.com/fab2s/goDl/graph/node.go:142.31,143.23 1 1
github.com/fab2s/goDl/graph/node.go:143.23,149.5 1 1
github.com/fab2s/goDl/graph/node.go:152.2,152.12 1 1
github.com/fab2s/goDl/graph/node.go:156.40,158.26 2 1
github.com/fab2s/goDl/graph/node.go:158.26,160.3 1 1
github.com/fab2s/goDl/graph/node.go:161.2,161.34 1 1
github.com/fab2s/goDl/graph/reshape.go:17.40,21.2 3 1
github.com/fab2s/goDl/graph/reshape.go:27.82,29.2 1 1
github.com/fab2s/goDl/graph/reshape.go:31.54,31.68 1 0
github.com/fab2s/goDl/graph/router.go:23.62,27.2 1 0
github.com/fab2s/goDl/graph/router.go:33.82,35.35 2 0
github.com/fab2s/goDl/graph/router.go:35.35,36.23 1 0
github.com/fab2s/goDl/graph/router.go:36.23,38.4 1 0
github.com/fab2s/goDl/graph/router.go:40.2,42.25 3 0
github.com/fab2s/goDl/graph/router.go:45.54,47.2 1 0
github.com/fab2s/goDl/graph/router.go:54.62,58.2 1 0
github.com/fab2s/goDl/graph/router.go:64.82,66.35 2 0
github.com/fab2s/goDl/graph/router.go:66.35,67.23 1 0
github.com/fab2s/goDl/graph/router.go:67.23,69.4 1 0
github.com/fab2s/goDl/graph/router.go:71.2,71.43 1 0
github.com/fab2s/goDl/graph/router.go:74.54,76.2 1 0
github.com/fab2s/goDl/graph/router.go:82.41,84.2 1 0
github.com/fab2s/goDl/graph/router.go:90.72,93.2 2 0
github.com/fab2s/goDl/graph/router.go:95.49,95.63 1 0
github.com/fab2s/goDl/graph/router.go:105.64,109.2 1 0
github.com/fab2s/goDl/graph/router.go:115.78,117.35 2 0
github.com/fab2s/goDl/graph/router.go:117.35,118.23 1 0
github.com/fab2s/goDl/graph/router.go:118.23,120.4 1 0
github.com/fab2s/goDl/graph/router.go:122.2,124.16 3 0
github.com/fab2s/goDl/graph/router.go:124.16,126.3 1 0
github.com/fab2s/goDl/graph/router.go:127.2,128.33 2 0
github.com/fab2s/goDl/graph/router.go:128.33,129.27 1 0
github.com/fab2s/goDl/graph/router.go:129.27,131.4 1 0
github.com/fab2s/goDl/graph/router.go:133.2,134.39 2 0
github.com/fab2s/goDl/graph/router.go:137.50,139.2 1 0
github.com/fab2s/goDl/graph/state.go:19.27,21.2 1 0
github.com/fab2s/goDl/graph/state.go:25.77,27.29 2 0
github.com/fab2s/goDl/graph/state.go:27.29,28.17 1 0
github.com/fab2s/goDl/graph/state.go:28.17,29.12 1 0
github.com/fab2s/goDl/graph/state.go:31.3,31.20 1 0
github.com/fab2s/goDl/graph/state.go:31.20,33.4 1 0
github.com/fab2s/goDl/graph/state.go:33.9,35.4 1 0
github.com/fab2s/goDl/graph/state.go:37.2,37.15 1 0
github.com/fab2s/goDl/graph/state.go:40.49,40.63 1 0
github.com/fab2s/goDl/graph/switch.go:30.85,31.19 1 1
github.com/fab2s/goDl/graph/switch.go:31.19,33.3 1 0
github.com/fab2s/goDl/graph/switch.go:34.2,34.26 1 1
github.com/fab2s/goDl/graph/switch.go:34.26,37.3 2 0
github.com/fab2s/goDl/graph/switch.go:38.2,38.23 1 1
github.com/fab2s/goDl/graph/switch.go:38.23,41.3 2 1
github.com/fab2s/goDl/graph/switch.go:43.2,70.11 12 1
github.com/fab2s/goDl/graph/switch.go:77.82,78.73 1 1
github.com/fab2s/goDl/graph/switch.go:78.73,81.52 2 1
github.com/fab2s/goDl/graph/switch.go:81.52,82.65 1 1
github.com/fab2s/goDl/graph/switch.go:82.65,84.5 1 1
github.com/fab2s/goDl/graph/switch.go:86.3,86.20 1 1
github.com/fab2s/goDl/graph/switch.go:86.20,88.4 1 1
github.com/fab2s/goDl/graph/switch.go:89.3,89.38 1 1
github.com/fab2s/goDl/graph/switch.go:89.38,91.4 1 0
github.com/fab2s/goDl/graph/switch.go:94.3,95.17 2 1
github.com/fab2s/goDl/graph/switch.go:95.17,97.4 1 0
github.com/fab2s/goDl/graph/switch.go:98.3,98.21 1 1
github.com/fab2s/goDl/graph/switch.go:98.21,100.4 1 0
github.com/fab2s/goDl/graph/switch.go:102.3,103.48 2 1
github.com/fab2s/goDl/graph/switch.go:103.48,105.4 1 0
github.com/fab2s/goDl/graph/switch.go:108.3,109.38 2 1
github.com/fab2s/goDl/graph/switch.go:109.38,111.4 1 0
github.com/fab2s/goDl/graph/switch.go:113.3,113.43 1 1
github.com/fab2s/goDl/graph/switch.go:123.85,125.2 1 0
github.com/fab2s/goDl/graph/switch.go:127.57,129.32 2 1
github.com/fab2s/goDl/graph/switch.go:129.32,131.3 1 1
github.com/fab2s/goDl/graph/switch.go:132.2,132.12 1 1
github.com/fab2s/goDl/graph/switch.go:135.55,137.32 2 1
github.com/fab2s/goDl/graph/switch.go:137.32,139.3 1 1
github.com/fab2s/goDl/internal/libtorch/libtorch.go:62.35,63.17 1 1
github.com/fab2s/goDl/internal/libtorch/libtorch.go:63.17,65.3 1 1
github.com/fab2s/goDl/internal/libtorch/libtorch.go:66.2,68.40 3 0
github.com/fab2s/goDl/internal/libtorch/libtorch.go:74.72,83.39 3 1
github.com/fab2s/goDl/internal/libtorch/libtorch.go:83.39,85.3 1 0
github.com/fab2s/goDl/internal/libtorch/libtorch.go:86.2,86.37 1 1
github.com/fab2s/goDl/internal/libtorch/libtorch.go:90.71,99.39 3 1
github.com/fab2s/goDl/internal/libtorch/libtorch.go:99.39,101.3 1 0
github.com/fab2s/goDl/internal/libtorch/libtorch.go:102.2,102.37 1 1
github.com/fab2s/goDl/internal/libtorch/libtorch.go:106.71,115.39 3 0
github.com/fab2s/goDl/internal/libtorch/libtorch.go:115.39,117.3 1 0
github.com/fab2s/goDl/internal/libtorch/libtorch.go:118.2,118.37 1 0
github.com/fab2s/goDl/internal/libtorch/libtorch.go:123.81,133.39 3 1
github.com/fab2s/goDl/internal/libtorch/libtorch.go:133.39,135.3 1 0
github.com/fab2s/goDl/internal/libtorch/libtorch.go:136.2,136.37 1 1
github.com/fab2s/goDl/internal/libtorch/libtorch.go:140.81,150.39 3 1
github.com/fab2s/goDl/internal/libtorch/libtorch.go:150.39,152.3 1 0
github.com/fab2s/goDl/internal/libtorch/libtorch.go:153.2,153.37 1 1
github.com/fab2s/goDl/internal/libtorch/libtorch.go:157.77,167.39 3 0
github.com/fab2s/goDl/internal/libtorch/libtorch.go:167.39,169.3 1 0
github.com/fab2s/goDl/internal/libtorch/libtorch.go:170.2,170.37 1 0
github.com/fab2s/goDl/internal/libtorch/libtorch.go:176.25,177.21 1 1
github.com/fab2s/goDl/internal/libtorch/libtorch.go:177.21,180.3 2 1
github.com/fab2s/goDl/internal/libtorch/libtorch.go:186.29,188.2 1 1
github.com/fab2s/goDl/internal/libtorch/libtorch.go:191.39,193.2 1 1
github.com/fab2s/goDl/internal/libtorch/libtorch.go:196.35,199.28 3 1
github.com/fab2s/goDl/internal/libtorch/libtorch.go:199.28,201.3 1 1
github.com/fab2s/goDl/internal/libtorch/libtorch.go:202.2,202.14 1 1
github.com/fab2s/goDl/internal/libtorch/libtorch.go:206.32,208.2 1 1
github.com/fab2s/goDl/internal/libtorch/libtorch.go:211.34,213.2 1 1
github.com/fab2s/goDl/internal/libtorch/libtorch.go:216.32,218.2 1 1
github.com/fab2s/goDl/internal/libtorch/libtorch.go:224.51,232.39 4 1
github.com/fab2s/goDl/internal/libtorch/libtorch.go:232.39,234.3 1 0
github.com/fab2s/goDl/internal/libtorch/libtorch.go:235.2,235.17 1 1
github.com/fab2s/goDl/internal/libtorch/libtorch.go:239.51,247.39 4 1
github.com/fab2s/goDl/internal/libtorch/libtorch.go:247.39,249.3 1 0
github.com/fab2s/goDl/internal/libtorch/libtorch.go:250.2,250.17 1 1
github.com/fab2s/goDl/internal/libtorch/libtorch.go:256.41,259.39 3 1
github.com/fab2s/goDl/internal/libtorch/libtorch.go:259.39,261.3 1 0
github.com/fab2s/goDl/internal/libtorch/libtorch.go:262.2,262.37 1 1
github.com/fab2s/goDl/internal/libtorch/libtorch.go:266.41,269.39 3 1
github.com/fab2s/goDl/internal/libtorch/libtorch.go:269.39,271.3 1 0
github.com/fab2s/goDl/internal/libtorch/libtorch.go:272.2,272.37 1 1
github.com/fab2s/goDl/internal/libtorch/libtorch.go:276.44,279.39 3 1
github.com/fab2s/goDl/internal/libtorch/libtorch.go:279.39,281.3 1 0
github.com/fab2s/goDl/internal/libtorch/libtorch.go:282.2,282.37 1 1
github.com/fab2s/goDl/internal/libtorch/libtorch.go:286.39,289.39 3 1
github.com/fab2s/goDl/internal/libtorch/libtorch.go:289.39,291.3 1 0
github.com/fab2s/goDl/internal/libtorch/libtorch.go:292.2,292.37 1 1
github.com/fab2s/goDl/internal/libtorch/libtorch.go:296.42,299.39 3 1
github.com/fab2s/goDl/internal/libtorch/libtorch.go:299.39,301.3 1 0
github.com/fab2s/goDl/internal/libtorch/libtorch.go:302.2,302.37 1 1
github.com/fab2s/goDl/internal/libtorch/libtorch.go:306.39,309.39 3 1
github.com/fab2s/goDl/internal/libtorch/libtorch.go:309.39,311.3 1 0
github.com/fab2s/goDl/internal/libtorch/libtorch.go:312.2,312.37 1 1
github.com/fab2s/goDl/internal/libtorch/libtorch.go:318.41,321.39 3 0
github.com/fab2s/goDl/internal/libtorch/libtorch.go:321.39,323.3 1 0
github.com/fab2s/goDl/internal/libtorch/libtorch.go:324.2,324.37 1 0
github.com/fab2s/goDl/internal/libtorch/libtorch.go:328.60,331.39 3 0
github.com/fab2s/goDl/internal/libtorch/libtorch.go:331.39,333.3 1 0
github.com/fab2s/goDl/internal/libtorch/libtorch.go:334.2,334.37 1 0
github.com/fab2s/goDl/internal/libtorch/libtorch.go:338.38,341.39 3 0
github.com/fab2s/goDl/internal/libtorch/libtorch.go:341.39,343.3 1 0
github.com/fab2s/goDl/internal/libtorch/libtorch.go:344.2,344.37 1 0
github.com/fab2s/goDl/internal/libtorch/libtorch.go:348.64,351.13 3 0
github.com/fab2s/goDl/internal/libtorch/libtorch.go:351.13,353.3 1 0
github.com/fab2s/goDl/internal/libtorch/libtorch.go:354.2,355.39 2 0
github.com/fab2s/goDl/internal/libtorch/libtorch.go:355.39,357.3 1 0
github.com/fab2s/goDl/internal/libtorch/libtorch.go:358.2,358.37 1 0
github.com/fab2s/goDl/internal/libtorch/libtorch.go:362.43,365.39 3 0
github.com/fab2s/goDl/internal/libtorch/libtorch.go:365.39,367.3 1 0
github.com/fab2s/goDl/internal/libtorch/libtorch.go:368.2,368.37 1 0
github.com/fab2s/goDl/internal/libtorch/libtorch.go:372.60,375.39 3 0
github.com/fab2s/goDl/internal/libtorch/libtorch.go:375.39,377.3 1 0
github.com/fab2s/goDl/internal/libtorch/libtorch.go:378.2,378.37 1 0
github.com/fab2s/goDl/internal/libtorch/libtorch.go:382.59,385.39 3 0
github.com/fab2s/goDl/internal/libtorch/libtorch.go:385.39,387.3 1 0
github.com/fab2s/goDl/internal/libtorch/libtorch.go:388.2,388.37 1 0
github.com/fab2s/goDl/internal/libtorch/libtorch.go:392.57,400.39 3 0
github.com/fab2s/goDl/internal/libtorch/libtorch.go:400.39,402.3 1 0
github.com/fab2s/goDl/internal/libtorch/libtorch.go:403.2,403.37 1 0
github.com/fab2s/goDl/internal/libtorch/libtorch.go:407.38,410.39 3 0
github.com/fab2s/goDl/internal/libtorch/libtorch.go:410.39,412.3 1 0
github.com/fab2s/goDl/internal/libtorch/libtorch.go:413.2,413.37 1 0
github.com/fab2s/goDl/internal/libtorch/libtorch.go:417.38,420.39 3 0
github.com/fab2s/goDl/internal/libtorch/libtorch.go:420.39,422.3 1 0
github.com/fab2s/goDl/internal/libtorch/libtorch.go:423.2,423.37 1 0
github.com/fab2s/goDl/internal/libtorch/libtorch.go:427.72,436.39 3 0
github.com/fab2s/goDl/internal/libtorch/libtorch.go:436.39,438.3 1 0
github.com/fab2s/goDl/internal/libtorch/libtorch.go:439.2,439.37 1 0
github.com/fab2s/goDl/internal/libtorch/libtorch.go:443.60,446.39 3 0
github.com/fab2s/goDl/internal/libtorch/libtorch.go:446.39,448.3 1 0
github.com/fab2s/goDl/internal/libtorch/libtorch.go:449.2,449.37 1 0
github.com/fab2s/goDl/internal/libtorch/libtorch.go:453.38,456.39 3 0
github.com/fab2s/goDl/internal/libtorch/libtorch.go:456.39,458.3 1 0
github.com/fab2s/goDl/internal/libtorch/libtorch.go:459.2,459.37 1 0
github.com/fab2s/goDl/internal/libtorch/libtorch.go:463.64,466.13 3 0
github.com/fab2s/goDl/internal/libtorch/libtorch.go:466.13,468.3 1 0
github.com/fab2s/goDl/internal/libtorch/libtorch.go:469.2,470.39 2 0
github.com/fab2s/goDl/internal/libtorch/libtorch.go:470.39,472.3 1 0
github.com/fab2s/goDl/internal/libtorch/libtorch.go:473.2,473.37 1 0
github.com/fab2s/goDl/internal/libtorch/libtorch.go:477.51,480.39 3 0
github.com/fab2s/goDl/internal/libtorch/libtorch.go:480.39,482.3 1 0
github.com/fab2s/goDl/internal/libtorch/libtorch.go:483.2,483.37 1 0
github.com/fab2s/goDl/internal/libtorch/libtorch.go:487.63,490.39 3 0
github.com/fab2s/goDl/internal/libtorch/libtorch.go:490.39,492.3 1 0
github.com/fab2s/goDl/internal/libtorch/libtorch.go:493.2,493.37 1 0
github.com/fab2s/goDl/internal/libtorch/libtorch.go:497.44,500.39 3 0
github.com/fab2s/goDl/internal/libtorch/libtorch.go:500.39,502.3 1 0
github.com/fab2s/goDl/internal/libtorch/libtorch.go:503.2,503.37 1 0
github.com/fab2s/goDl/internal/libtorch/libtorch.go:507.79,510.39 3 0
github.com/fab2s/goDl/internal/libtorch/libtorch.go:510.39,512.3 1 0
github.com/fab2s/goDl/internal/libtorch/libtorch.go:513.2,513.37 1 0
github.com/fab2s/goDl/internal/libtorch/libtorch.go:519.71,522.39 3 0
github.com/fab2s/goDl/internal/libtorch/libtorch.go:522.39,524.3 1 0
github.com/fab2s/goDl/internal/libtorch/libtorch.go:525.2,525.37 1 0
github.com/fab2s/goDl/internal/libtorch/libtorch.go:529.79,532.39 3 0
github.com/fab2s/goDl/internal/libtorch/libtorch.go:532.39,534.3 1 0
github.com/fab2s/goDl/internal/libtorch/libtorch.go:535.2,535.37 1 0
github.com/fab2s/goDl/internal/libtorch/libtorch.go:539.51,542.39 3 0
github.com/fab2s/goDl/internal/libtorch/libtorch.go:542.39,544.3 1 0
github.com/fab2s/goDl/internal/libtorch/libtorch.go:545.2,545.37 1 0
github.com/fab2s/goDl/internal/libtorch/libtorch.go:551.65,554.13 3 0
github.com/fab2s/goDl/internal/libtorch/libtorch.go:554.13,556.3 1 0
github.com/fab2s/goDl/internal/libtorch/libtorch.go:557.2,558.39 2 0
github.com/fab2s/goDl/internal/libtorch/libtorch.go:558.39,560.3 1 0
github.com/fab2s/goDl/internal/libtorch/libtorch.go:561.2,561.37 1 0
github.com/fab2s/goDl/internal/libtorch/libtorch.go:567.70,570.39 3 0
github.com/fab2s/goDl/internal/libtorch/libtorch.go:570.39,572.3 1 0
github.com/fab2s/goDl/internal/libtorch/libtorch.go:573.2,573.37 1 0
github.com/fab2s/goDl/internal/libtorch/libtorch.go:577.80,580.39 3 0
github.com/fab2s/goDl/internal/libtorch/libtorch.go:580.39,582.3 1 0
github.com/fab2s/goDl/internal/libtorch/libtorch.go:583.2,583.37 1 0
github.com/fab2s/goDl/internal/libtorch/libtorch.go:589.39,592.39 3 0
github.com/fab2s/goDl/internal/libtorch/libtorch.go:592.39,594.3 1 0
github.com/fab2s/goDl/internal/libtorch/libtorch.go:595.2,595.37 1 0
github.com/fab2s/goDl/internal/libtorch/libtorch.go:599.41,602.39 3 0
github.com/fab2s/goDl/internal/libtorch/libtorch.go:602.39,604.3 1 0
github.com/fab2s/goDl/internal/libtorch/libtorch.go:605.2,605.37 1 0
github.com/fab2s/goDl/internal/libtorch/libtorch.go:612.108,614.17 2 0
github.com/fab2s/goDl/internal/libtorch/libtorch.go:614.17,616.3 1 0
github.com/fab2s/goDl/internal/libtorch/libtorch.go:617.2,626.39 3 0
github.com/fab2s/goDl/internal/libtorch/libtorch.go:626.39,628.3 1 0
github.com/fab2s/goDl/internal/libtorch/libtorch.go:629.2,629.37 1 0
github.com/fab2s/goDl/internal/libtorch/libtorch.go:634.176,637.17 3 0
github.com/fab2s/goDl/internal/libtorch/libtorch.go:637.17,639.3 1 0
github.com/fab2s/goDl/internal/libtorch/libtorch.go:640.2,649.39 2 0
github.com/fab2s/goDl/internal/libtorch/libtorch.go:649.39,651.3 1 0
github.com/fab2s/goDl/internal/libtorch/libtorch.go:652.2,654.17 3 0
github.com/fab2s/goDl/internal/libtorch/libtorch.go:654.17,656.3 1 0
github.com/fab2s/goDl/internal/libtorch/libtorch.go:657.2,657.45 1 0
github.com/fab2s/goDl/internal/libtorch/libtorch.go:663.59,666.39 3 1
github.com/fab2s/goDl/internal/libtorch/libtorch.go:666.39,668.3 1 0
github.com/fab2s/goDl/internal/libtorch/libtorch.go:669.2,669.37 1 1
github.com/fab2s/goDl/internal/libtorch/libtorch.go:675.27,677.2 1 1
github.com/fab2s/goDl/internal/libtorch/libtorch.go:680.28,682.2 1 1
github.com/fab2s/goDl/tensor/device.go:13.33,14.11 1 1
github.com/fab2s/goDl/tensor/device.go:15.11,16.15 1 1
github.com/fab2s/goDl/tensor/device.go:17.12,18.16 1 0
github.com/fab2s/goDl/tensor/device.go:19.10,20.19 1 0
github.com/fab2s/goDl/tensor/device.go:25.46,27.2 1 1
github.com/fab2s/goDl/tensor/device.go:30.27,32.2 1 1
github.com/fab2s/goDl/tensor/device.go:35.28,37.2 1 0
github.com/fab2s/goDl/tensor/dtype.go:27.32,28.11 1 1
github.com/fab2s/goDl/tensor/dtype.go:29.15,30.19 1 1
github.com/fab2s/goDl/tensor/dtype.go:31.15,32.19 1 1
github.com/fab2s/goDl/tensor/dtype.go:33.13,34.17 1 0
github.com/fab2s/goDl/tensor/dtype.go:35.13,36.17 1 0
github.com/fab2s/goDl/tensor/dtype.go:37.10,38.19 1 0
github.com/fab2s/goDl/tensor/dtype.go:43.36,44.11 1 0
github.com/fab2s/goDl/tensor/dtype.go:45.22,46.11 1 0
github.com/fab2s/goDl/tensor/dtype.go:47.22,48.11 1 0
github.com/fab2s/goDl/tensor/dtype.go:49.10,50.11 1 0
github.com/fab2s/goDl/tensor/dtype.go:55.44,57.2 1 1
github.com/fab2s/goDl/tensor/ops.go:20.45,21.16 1 1
github.com/fab2s/goDl/tensor/ops.go:21.16,23.3 1 0
github.com/fab2s/goDl/tensor/ops.go:24.2,24.20 1 1
github.com/fab2s/goDl/tensor/ops.go:24.20,26.3 1 1
github.com/fab2s/goDl/tensor/ops.go:27.2,28.16 2 1
github.com/fab2s/goDl/tensor/ops.go:28.16,30.3 1 0
github.com/fab2s/goDl/tensor/ops.go:31.2,31.18 1 1
github.com/fab2s/goDl/tensor/ops.go:35.45,36.16 1 0
github.com/fab2s/goDl/tensor/ops.go:36.16,38.3 1 0
github.com/fab2s/goDl/tensor/ops.go:39.2,39.20 1 0
github.com/fab2s/goDl/tensor/ops.go:39.20,41.3 1 0
github.com/fab2s/goDl/tensor/ops.go:42.2,43.16 2 0
github.com/fab2s/goDl/tensor/ops.go:43.16,45.3 1 0
github.com/fab2s/goDl/tensor/ops.go:46.2,46.18 1 0
github.com/fab2s/goDl/tensor/ops.go:50.48,51.16 1 1
github.com/fab2s/goDl/tensor/ops.go:51.16,53.3 1 0
github.com/fab2s/goDl/tensor/ops.go:54.2,54.20 1 1
github.com/fab2s/goDl/tensor/ops.go:54.20,56.3 1 0
github.com/fab2s/goDl/tensor/ops.go:57.2,58.16 2 1
github.com/fab2s/goDl/tensor/ops.go:58.16,60.3 1 0
github.com/fab2s/goDl/tensor/ops.go:61.2,61.18 1 1
github.com/fab2s/goDl/tensor/ops.go:65.45,66.16 1 0
github.com/fab2s/goDl/tensor/ops.go:66.16,68.3 1 0
github.com/fab2s/goDl/tensor/ops.go:69.2,69.20 1 0
github.com/fab2s/goDl/tensor/ops.go:69.20,71.3 1 0
github.com/fab2s/goDl/tensor/ops.go:72.2,73.16 2 0
github.com/fab2s/goDl/tensor/ops.go:73.16,75.3 1 0
github.com/fab2s/goDl/tensor/ops.go:76.2,76.18 1 0
github.com/fab2s/goDl/tensor/ops.go:82.33,83.16 1 1
github.com/fab2s/goDl/tensor/ops.go:83.16,85.3 1 1
github.com/fab2s/goDl/tensor/ops.go:86.2,87.16 2 1
github.com/fab2s/goDl/tensor/ops.go:87.16,89.3 1 0
github.com/fab2s/goDl/tensor/ops.go:90.2,90.18 1 1
github.com/fab2s/goDl/tensor/ops.go:94.36,95.16 1 1
github.com/fab2s/goDl/tensor/ops.go:95.16,97.3 1 1
github.com/fab2s/goDl/tensor/ops.go:98.2,99.16 2 1
github.com/fab2s/goDl/tensor/ops.go:99.16,101.3 1 0
github.com/fab2s/goDl/tensor/ops.go:102.2,102.18 1 1
github.com/fab2s/goDl/tensor/ops.go:106.33,107.16 1 1
github.com/fab2s/goDl/tensor/ops.go:107.16,109.3 1 0
github.com/fab2s/goDl/tensor/ops.go:110.2,111.16 2 1
github.com/fab2s/goDl/tensor/ops.go:111.16,113.3 1 0
github.com/fab2s/goDl/tensor/ops.go:114.2,114.18 1 1
github.com/fab2s/goDl/tensor/ops.go:118.52,119.16 1 0
github.com/fab2s/goDl/tensor/ops.go:119.16,121.3 1 0
github.com/fab2s/goDl/tensor/ops.go:122.2,123.16 2 0
github.com/fab2s/goDl/tensor/ops.go:123.16,125.3 1 0
github.com/fab2s/goDl/tensor/ops.go:126.2,126.18 1 0
github.com/fab2s/goDl/tensor/ops.go:130.32,131.16 1 0
github.com/fab2s/goDl/tensor/ops.go:131.16,133.3 1 0
github.com/fab2s/goDl/tensor/ops.go:134.2,135.16 2 0
github.com/fab2s/goDl/tensor/ops.go:135.16,137.3 1 0
github.com/fab2s/goDl/tensor/ops.go:138.2,138.18 1 0
github.com/fab2s/goDl/tensor/ops.go:142.56,143.16 1 0
github.com/fab2s/goDl/tensor/ops.go:143.16,145.3 1 0
github.com/fab2s/goDl/tensor/ops.go:146.2,147.16 2 0
github.com/fab2s/goDl/tensor/ops.go:147.16,149.3 1 0
github.com/fab2s/goDl/tensor/ops.go:150.2,150.18 1 0
github.com/fab2s/goDl/tensor/ops.go:154.37,155.16 1 0
github.com/fab2s/goDl/tensor/ops.go:155.16,157.3 1 0
github.com/fab2s/goDl/tensor/ops.go:158.2,159.16 2 0
github.com/fab2s/goDl/tensor/ops.go:159.16,161.3 1 0
github.com/fab2s/goDl/tensor/ops.go:162.2,162.18 1 0
github.com/fab2s/goDl/tensor/ops.go:166.52,167.16 1 0
github.com/fab2s/goDl/tensor/ops.go:167.16,169.3 1 0
github.com/fab2s/goDl/tensor/ops.go:170.2,171.16 2 0
github.com/fab2s/goDl/tensor/ops.go:171.16,173.3 1 0
github.com/fab2s/goDl/tensor/ops.go:174.2,174.18 1 0
github.com/fab2s/goDl/tensor/ops.go:178.51,179.16 1 0
github.com/fab2s/goDl/tensor/ops.go:179.16,181.3 1 0
github.com/fab2s/goDl/tensor/ops.go:182.2,183.16 2 0
github.com/fab2s/goDl/tensor/ops.go:183.16,185.3 1 0
github.com/fab2s/goDl/tensor/ops.go:186.2,186.18 1 0
github.com/fab2s/goDl/tensor/ops.go:190.49,191.16 1 0
github.com/fab2s/goDl/tensor/ops.go:191.16,193.3 1 0
github.com/fab2s/goDl/tensor/ops.go:194.2,195.16 2 0
github.com/fab2s/goDl/tensor/ops.go:195.16,197.3 1 0
github.com/fab2s/goDl/tensor/ops.go:198.2,198.18 1 0
github.com/fab2s/goDl/tensor/ops.go:202.32,203.16 1 0
github.com/fab2s/goDl/tensor/ops.go:203.16,205.3 1 0
github.com/fab2s/goDl/tensor/ops.go:206.2,207.16 2 0
github.com/fab2s/goDl/tensor/ops.go:207.16,209.3 1 0
github.com/fab2s/goDl/tensor/ops.go:210.2,210.18 1 0
github.com/fab2s/goDl/tensor/ops.go:214.32,215.16 1 0
github.com/fab2s/goDl/tensor/ops.go:215.16,217.3 1 0
github.com/fab2s/goDl/tensor/ops.go:218.2,219.16 2 0
github.com/fab2s/goDl/tensor/ops.go:219.16,221.3 1 0
github.com/fab2s/goDl/tensor/ops.go:222.2,222.18 1 0
github.com/fab2s/goDl/tensor/ops.go:226.52,227.16 1 0
github.com/fab2s/goDl/tensor/ops.go:227.16,229.3 1 0
github.com/fab2s/goDl/tensor/ops.go:230.2,231.16 2 0
github.com/fab2s/goDl/tensor/ops.go:231.16,233.3 1 0
github.com/fab2s/goDl/tensor/ops.go:234.2,234.18 1 0
github.com/fab2s/goDl/tensor/ops.go:238.32,239.16 1 0
github.com/fab2s/goDl/tensor/ops.go:239.16,241.3 1 0
github.com/fab2s/goDl/tensor/ops.go:242.2,243.16 2 0
github.com/fab2s/goDl/tensor/ops.go:243.16,245.3 1 0
github.com/fab2s/goDl/tensor/ops.go:246.2,246.18 1 0
github.com/fab2s/goDl/tensor/ops.go:250.56,251.16 1 0
github.com/fab2s/goDl/tensor/ops.go:251.16,253.3 1 0
github.com/fab2s/goDl/tensor/ops.go:254.2,255.16 2 0
github.com/fab2s/goDl/tensor/ops.go:255.16,257.3 1 0
github.com/fab2s/goDl/tensor/ops.go:258.2,258.18 1 0
github.com/fab2s/goDl/tensor/ops.go:262.43,263.16 1 0
github.com/fab2s/goDl/tensor/ops.go:263.16,265.3 1 0
github.com/fab2s/goDl/tensor/ops.go:266.2,267.16 2 0
github.com/fab2s/goDl/tensor/ops.go:267.16,269.3 1 0
github.com/fab2s/goDl/tensor/ops.go:270.2,270.18 1 0
github.com/fab2s/goDl/tensor/ops.go:274.55,275.16 1 0
github.com/fab2s/goDl/tensor/ops.go:275.16,277.3 1 0
github.com/fab2s/goDl/tensor/ops.go:278.2,279.16 2 0
github.com/fab2s/goDl/tensor/ops.go:279.16,281.3 1 0
github.com/fab2s/goDl/tensor/ops.go:282.2,282.18 1 0
github.com/fab2s/goDl/tensor/ops.go:286.38,287.16 1 0
github.com/fab2s/goDl/tensor/ops.go:287.16,289.3 1 0
github.com/fab2s/goDl/tensor/ops.go:290.2,291.16 2 0
github.com/fab2s/goDl/tensor/ops.go:291.16,293.3 1 0
github.com/fab2s/goDl/tensor/ops.go:294.2,294.18 1 0
github.com/fab2s/goDl/tensor/ops.go:298.75,299.16 1 0
github.com/fab2s/goDl/tensor/ops.go:299.16,301.3 1 0
github.com/fab2s/goDl/tensor/ops.go:302.2,302.18 1 0
github.com/fab2s/goDl/tensor/ops.go:302.18,304.3 1 0
github.com/fab2s/goDl/tensor/ops.go:305.2,306.16 2 0
github.com/fab2s/goDl/tensor/ops.go:306.16,308.3 1 0
github.com/fab2s/goDl/tensor/ops.go:309.2,309.18 1 0
github.com/fab2s/goDl/tensor/ops.go:313.63,314.16 1 0
github.com/fab2s/goDl/tensor/ops.go:314.16,316.3 1 0
github.com/fab2s/goDl/tensor/ops.go:317.2,318.16 2 0
github.com/fab2s/goDl/tensor/ops.go:318.16,320.3 1 0
github.com/fab2s/goDl/tensor/ops.go:321.2,321.18 1 0
github.com/fab2s/goDl/tensor/ops.go:325.75,326.16 1 0
github.com/fab2s/goDl/tensor/ops.go:326.16,328.3 1 0
github.com/fab2s/goDl/tensor/ops.go:329.2,329.18 1 0
github.com/fab2s/goDl/tensor/ops.go:329.18,331.3 1 0
github.com/fab2s/goDl/tensor/ops.go:332.2,333.16 2 0
github.com/fab2s/goDl/tensor/ops.go:333.16,335.3 1 0
github.com/fab2s/goDl/tensor/ops.go:336.2,336.18 1 0
github.com/fab2s/goDl/tensor/ops.go:340.54,341.16 1 0
github.com/fab2s/goDl/tensor/ops.go:341.16,343.3 1 0
github.com/fab2s/goDl/tensor/ops.go:344.2,344.20 1 0
github.com/fab2s/goDl/tensor/ops.go:344.20,346.3 1 0
github.com/fab2s/goDl/tensor/ops.go:347.2,348.16 2 0
github.com/fab2s/goDl/tensor/ops.go:348.16,350.3 1 0
github.com/fab2s/goDl/tensor/ops.go:351.2,351.18 1 0
github.com/fab2s/goDl/tensor/ops.go:355.57,356.16 1 0
github.com/fab2s/goDl/tensor/ops.go:356.16,358.3 1 0
github.com/fab2s/goDl/tensor/ops.go:359.2,360.16 2 0
github.com/fab2s/goDl/tensor/ops.go:360.16,362.3 1 0
github.com/fab2s/goDl/tensor/ops.go:363.2,363.18 1 0
github.com/fab2s/goDl/tensor/ops.go:367.62,368.16 1 0
github.com/fab2s/goDl/tensor/ops.go:368.16,370.3 1 0
github.com/fab2s/goDl/tensor/ops.go:371.2,371.20 1 0
github.com/fab2s/goDl/tensor/ops.go:371.20,373.3 1 0
github.com/fab2s/goDl/tensor/ops.go:374.2,375.16 2 0
github.com/fab2s/goDl/tensor/ops.go:375.16,377.3 1 0
github.com/fab2s/goDl/tensor/ops.go:378.2,378.18 1 0
github.com/fab2s/goDl/tensor/ops.go:382.72,383.16 1 0
github.com/fab2s/goDl/tensor/ops.go:383.16,385.3 1 0
github.com/fab2s/goDl/tensor/ops.go:386.2,386.20 1 0
github.com/fab2s/goDl/tensor/ops.go:386.20,388.3 1 0
github.com/fab2s/goDl/tensor/ops.go:389.2,389.18 1 0
github.com/fab2s/goDl/tensor/ops.go:389.18,391.3 1 0
github.com/fab2s/goDl/tensor/ops.go:392.2,393.16 2 0
github.com/fab2s/goDl/tensor/ops.go:393.16,395.3 1 0
github.com/fab2s/goDl/tensor/ops.go:396.2,396.18 1 0
github.com/fab2s/goDl/tensor/ops.go:400.33,401.16 1 0
github.com/fab2s/goDl/tensor/ops.go:401.16,403.3 1 0
github.com/fab2s/goDl/tensor/ops.go:404.2,405.16 2 0
github.com/fab2s/goDl/tensor/ops.go:405.16,407.3 1 0
github.com/fab2s/goDl/tensor/ops.go:408.2,408.18 1 0
github.com/fab2s/goDl/tensor/ops.go:412.45,413.16 1 0
github.com/fab2s/goDl/tensor/ops.go:413.16,415.3 1 0
github.com/fab2s/goDl/tensor/ops.go:416.2,416.20 1 0
github.com/fab2s/goDl/tensor/ops.go:416.20,418.3 1 0
github.com/fab2s/goDl/tensor/ops.go:419.2,420.16 2 0
github.com/fab2s/goDl/tensor/ops.go:420.16,422.3 1 0
github.com/fab2s/goDl/tensor/ops.go:423.2,423.18 1 0
github.com/fab2s/goDl/tensor/ops.go:431.104,432.16 1 0
github.com/fab2s/goDl/tensor/ops.go:432.16,434.3 1 0
github.com/fab2s/goDl/tensor/ops.go:435.2,435.21 1 0
github.com/fab2s/goDl/tensor/ops.go:435.21,437.3 1 0
github.com/fab2s/goDl/tensor/ops.go:438.2,439.17 2 0
github.com/fab2s/goDl/tensor/ops.go:439.17,440.20 1 0
github.com/fab2s/goDl/tensor/ops.go:440.20,442.4 1 0
github.com/fab2s/goDl/tensor/ops.go:443.3,443.21 1 0
github.com/fab2s/goDl/tensor/ops.go:445.2,446.16 2 0
github.com/fab2s/goDl/tensor/ops.go:446.16,448.3 1 0
github.com/fab2s/goDl/tensor/ops.go:449.2,449.18 1 0
github.com/fab2s/goDl/tensor/ops.go:454.165,459.16 2 0
github.com/fab2s/goDl/tensor/ops.go:459.16,462.3 2 0
github.com/fab2s/goDl/tensor/ops.go:463.2,465.18 3 0
github.com/fab2s/goDl/tensor/ops.go:465.18,467.3 1 0
github.com/fab2s/goDl/tensor/ops.go:468.2,468.40 1 0
github.com/fab2s/goDl/tensor/ops.go:475.48,476.23 1 0
github.com/fab2s/goDl/tensor/ops.go:476.23,478.3 1 0
github.com/fab2s/goDl/tensor/ops.go:480.2,481.19 2 0
github.com/fab2s/goDl/tensor/ops.go:481.19,483.3 1 0
github.com/fab2s/goDl/tensor/ops.go:484.2,491.36 7 0
github.com/fab2s/goDl/tensor/ops.go:491.36,493.17 2 0
github.com/fab2s/goDl/tensor/ops.go:493.17,495.4 1 0
github.com/fab2s/goDl/tensor/ops.go:496.3,496.48 1 0
github.com/fab2s/goDl/tensor/ops.go:498.2,498.15 1 0
[...]
github.com/fab2s/goDl/tensor/options.go:17.27,19.3 1 1
github.com/fab2s/goDl/tensor/options.go:20.2,20.10 1 1
github.com/fab2s/goDl/tensor/options.go:24.36,25.26 1 1
github.com/fab2s/goDl/tensor/options.go:25.26,27.3 1 1
github.com/fab2s/goDl/tensor/options.go:31.39,32.26 1 1
github.com/fab2s/goDl/tensor/options.go:32.26,34.3 1 1
github.com/fab2s/goDl/tensor/scope.go:34.24,36.2 1 1
github.com/fab2s/goDl/tensor/scope.go:42.42,43.28 1 1
github.com/fab2s/goDl/tensor/scope.go:43.28,45.3 1 0
github.com/fab2s/goDl/tensor/scope.go:46.2,48.14 3 1
github.com/fab2s/goDl/tensor/scope.go:48.14,50.3 1 0
github.com/fab2s/goDl/tensor/scope.go:51.2,52.10 2 1
github.com/fab2s/goDl/tensor/scope.go:56.25,59.14 3 1
github.com/fab2s/goDl/tensor/scope.go:59.14,61.3 1 0
github.com/fab2s/goDl/tensor/scope.go:62.2,63.30 2 1
github.com/fab2s/goDl/tensor/scope.go:63.30,65.3 1 1
github.com/fab2s/goDl/tensor/scope.go:66.2,66.17 1 1
github.com/fab2s/goDl/tensor/scope.go:78.60,83.37 3 1
github.com/fab2s/goDl/tensor/scope.go:83.37,85.31 2 1
github.com/fab2s/goDl/tensor/scope.go:85.31,86.19 1 1
github.com/fab2s/goDl/tensor/scope.go:86.19,89.10 3 0
github.com/fab2s/goDl/tensor/scope.go:92.3,92.16 1 1
github.com/fab2s/goDl/tensor/scope.go:95.2,97.19 2 1
github.com/fab2s/goDl/tensor/scope.go:97.19,99.3 1 0
github.com/fab2s/goDl/tensor/scope.go:100.2,100.29 1 1
github.com/fab2s/goDl/tensor/tensor.go:33.28,35.2 1 1
github.com/fab2s/goDl/tensor/tensor.go:40.41,43.42 3 1
github.com/fab2s/goDl/tensor/tensor.go:43.42,45.3 1 1
github.com/fab2s/goDl/tensor/tensor.go:46.2,46.10 1 1
github.com/fab2s/goDl/tensor/tensor.go:51.35,53.2 1 0
github.com/fab2s/goDl/tensor/tensor.go:56.28,57.18 1 1
github.com/fab2s/goDl/tensor/tensor.go:57.18,61.3 3 1
github.com/fab2s/goDl/tensor/tensor.go:70.28,74.2 2 1
github.com/fab2s/goDl/tensor/tensor.go:81.30,82.18 1 1
github.com/fab2s/goDl/tensor/tensor.go:82.18,84.3 1 0
github.com/fab2s/goDl/tensor/tensor.go:85.2,85.18 1 1
github.com/fab2s/goDl/tensor/tensor.go:85.18,87.3 1 1
github.com/fab2s/goDl/tensor/tensor.go:88.2,88.12 1 1
github.com/fab2s/goDl/tensor/tensor.go:92.31,94.2 1 1
github.com/fab2s/goDl/tensor/tensor.go:99.41,101.2 1 0
github.com/fab2s/goDl/tensor/tensor.go:105.44,107.2 1 0
github.com/fab2s/goDl/tensor/tensor.go:113.60,116.16 3 1
github.com/fab2s/goDl/tensor/tensor.go:116.16,118.3 1 0
github.com/fab2s/goDl/tensor/tensor.go:119.2,119.23 1 1
github.com/fab2s/goDl/tensor/tensor.go:123.59,126.16 2 1
github.com/fab2s/goDl/tensor/tensor.go:126.16,128.3 1 0
github.com/fab2s/goDl/tensor/tensor.go:129.2,129.23 1 1
github.com/fab2s/goDl/tensor/tensor.go:133.59,136.16 3 0
github.com/fab2s/goDl/tensor/tensor.go:136.16,138.3 1 0
github.com/fab2s/goDl/tensor/tensor.go:139.2,139.23 1 0
github.com/fab2s/goDl/tensor/tensor.go:143.60,146.16 3 0
github.com/fab2s/goDl/tensor/tensor.go:146.16,148.3 1 0
github.com/fab2s/goDl/tensor/tensor.go:149.2,149.23 1 0
github.com/fab2s/goDl/tensor/tensor.go:153.82,156.16 3 1
github.com/fab2s/goDl/tensor/tensor.go:156.16,158.3 1 0
github.com/fab2s/goDl/tensor/tensor.go:159.2,159.23 1 1
github.com/fab2s/goDl/tensor/tensor.go:163.82,166.16 3 0
github.com/fab2s/goDl/tensor/tensor.go:166.16,168.3 1 0
github.com/fab2s/goDl/tensor/tensor.go:169.2,169.23 1 0
github.com/fab2s/goDl/tensor/tensor.go:174.78,177.16 3 0
github.com/fab2s/goDl/tensor/tensor.go:177.16,179.3 1 0
github.com/fab2s/goDl/tensor/tensor.go:180.2,180.23 1 0
github.com/fab2s/goDl/tensor/tensor.go:186.34,187.16 1 1
github.com/fab2s/goDl/tensor/tensor.go:187.16,189.3 1 1
github.com/fab2s/goDl/tensor/tensor.go:190.2,190.23 1 1
github.com/fab2s/goDl/tensor/tensor.go:194.29,195.16 1 1
github.com/fab2s/goDl/tensor/tensor.go:195.16,197.3 1 0
github.com/fab2s/goDl/tensor/tensor.go:198.2,198.21 1 1
github.com/fab2s/goDl/tensor/tensor.go:202.32,203.16 1 1
github.com/fab2s/goDl/tensor/tensor.go:203.16,205.3 1 1
github.com/fab2s/goDl/tensor/tensor.go:206.2,206.22 1 1
github.com/fab2s/goDl/tensor/tensor.go:210.32,211.16 1 1
github.com/fab2s/goDl/tensor/tensor.go:211.16,213.3 1 0
github.com/fab2s/goDl/tensor/tensor.go:214.2,214.29 1 1
github.com/fab2s/goDl/tensor/tensor.go:218.34,219.16 1 1
github.com/fab2s/goDl/tensor/tensor.go:219.16,221.3 1 0
github.com/fab2s/goDl/tensor/tensor.go:222.2,222.31 1 1
github.com/fab2s/goDl/tensor/tensor.go:229.51,230.32 1 1
github.com/fab2s/goDl/tensor/tensor.go:230.32,232.3 1 0
github.com/fab2s/goDl/tensor/tensor.go:233.2,233.28 1 1
github.com/fab2s/goDl/tensor/tensor.go:237.51,238.32 1 1
github.com/fab2s/goDl/tensor/tensor.go:238.32,240.3 1 0
github.com/fab2s/goDl/tensor/tensor.go:241.2,241.28 1 1
github.com/fab2s/goDl/tensor/tensor.go:245.34,246.18 1 1
github.com/fab2s/goDl/tensor/tensor.go:246.18,248.3 1 0
github.com/fab2s/goDl/tensor/tensor.go:249.2,249.18 1 1
github.com/fab2s/goDl/tensor/tensor.go:249.18,251.3 1 0
github.com/fab2s/goDl/tensor/tensor.go:252.2,253.36 1 1
github.com/fab2s/goDl/nn/activation.go:13.22,13.40 1 0
github.com/fab2s/goDl/nn/activation.go:16.73,18.2 1 0
github.com/fab2s/goDl/nn/activation.go:21.42,21.56 1 0
github.com/fab2s/goDl/nn/activation.go:27.28,27.49 1 0
github.com/fab2s/goDl/nn/activation.go:30.76,32.2 1 0
github.com/fab2s/goDl/nn/activation.go:35.45,35.59 1 0
github.com/fab2s/goDl/nn/activation.go:41.22,41.40 1 0
github.com/fab2s/goDl/nn/activation.go:44.73,46.2 1 0
github.com/fab2s/goDl/nn/activation.go:49.42,49.56 1 0
github.com/fab2s/goDl/nn/activation.go:57.22,57.40 1 1
github.com/fab2s/goDl/nn/activation.go:60.73,69.2 5 1
github.com/fab2s/goDl/nn/activation.go:72.42,72.56 1 0
github.com/fab2s/goDl/nn/activation.go:79.22,79.40 1 1
github.com/fab2s/goDl/nn/activation.go:82.73,85.2 2 1
github.com/fab2s/goDl/nn/activation.go:88.42,88.56 1 0
github.com/fab2s/goDl/nn/activation.go:96.41,96.76 1 1
github.com/fab2s/goDl/nn/activation.go:99.82,101.2 1 1
github.com/fab2s/goDl/nn/activation.go:104.51,104.65 1 0
github.com/fab2s/goDl/nn/batchnorm.go:33.81,35.16 2 1
github.com/fab2s/goDl/nn/batchnorm.go:35.16,37.3 1 0
github.com/fab2s/goDl/nn/batchnorm.go:38.2,39.16 2 1
github.com/fab2s/goDl/nn/batchnorm.go:39.16,42.3 2 0
github.com/fab2s/goDl/nn/batchnorm.go:43.2,44.16 2 1
github.com/fab2s/goDl/nn/batchnorm.go:44.16,48.3 3 0
github.com/fab2s/goDl/nn/batchnorm.go:49.2,50.16 2 1
github.com/fab2s/goDl/nn/batchnorm.go:50.16,55.3 4 0
github.com/fab2s/goDl/nn/batchnorm.go:57.2,66.8 1 1
github.com/fab2s/goDl/nn/batchnorm.go:72.49,74.2 1 1
github.com/fab2s/goDl/nn/batchnorm.go:78.79,81.18 2 1
github.com/fab2s/goDl/nn/batchnorm.go:81.18,87.3 4 1
github.com/fab2s/goDl/nn/batchnorm.go:90.2,98.37 6 1
github.com/fab2s/goDl/nn/batchnorm.go:98.37,100.3 1 1
github.com/fab2s/goDl/nn/batchnorm.go:102.2,102.15 1 1
github.com/fab2s/goDl/nn/batchnorm.go:107.94,119.19 8 1
github.com/fab2s/goDl/nn/batchnorm.go:119.19,122.3 2 1
github.com/fab2s/goDl/nn/batchnorm.go:123.2,133.46 8 1
github.com/fab2s/goDl/nn/batchnorm.go:133.46,137.3 3 0
github.com/fab2s/goDl/nn/batchnorm.go:139.2,142.23 4 1
github.com/fab2s/goDl/nn/batchnorm.go:146.48,148.2 1 1
github.com/fab2s/goDl/nn/checkpoint.go:21.61,22.78 1 1
github.com/fab2s/goDl/nn/checkpoint.go:22.78,24.3 1 0
github.com/fab2s/goDl/nn/checkpoint.go:25.2,25.80 1 1
github.com/fab2s/goDl/nn/checkpoint.go:25.80,27.3 1 0
github.com/fab2s/goDl/nn/checkpoint.go:28.2,28.82 1 1
github.com/fab2s/goDl/nn/checkpoint.go:28.82,30.3 1 0
github.com/fab2s/goDl/nn/checkpoint.go:32.2,32.27 1 1
github.com/fab2s/goDl/nn/checkpoint.go:32.27,33.42 1 1
github.com/fab2s/goDl/nn/checkpoint.go:33.42,35.4 1 0
github.com/fab2s/goDl/nn/checkpoint.go:37.2,37.12 1 1
github.com/fab2s/goDl/nn/checkpoint.go:46.61,48.64 2 1
github.com/fab2s/goDl/nn/checkpoint.go:48.64,50.3 1 0
github.com/fab2s/goDl/nn/checkpoint.go:51.2,51.26 1 1
github.com/fab2s/goDl/nn/checkpoint.go:51.26,53.3 1 0
github.com/fab2s/goDl/nn/checkpoint.go:55.2,56.70 2 1
github.com/fab2s/goDl/nn/checkpoint.go:56.70,58.3 1 0
github.com/fab2s/goDl/nn/checkpoint.go:59.2,59.34 1 1
github.com/fab2s/goDl/nn/checkpoint.go:59.34,61.3 1 0
github.com/fab2s/goDl/nn/checkpoint.go:63.2,64.68 2 1
github.com/fab2s/goDl/nn/checkpoint.go:64.68,66.3 1 0
github.com/fab2s/goDl/nn/checkpoint.go:67.2,67.31 1 1
github.com/fab2s/goDl/nn/checkpoint.go:67.31,69.3 1 1
github.com/fab2s/goDl/nn/checkpoint.go:71.2,71.27 1 1
github.com/fab2s/goDl/nn/checkpoint.go:71.27,72.44 1 1
github.com/fab2s/goDl/nn/checkpoint.go:72.44,74.4 1 1
github.com/fab2s/goDl/nn/checkpoint.go:76.2,76.12 1 1
github.com/fab2s/goDl/nn/checkpoint.go:79.50,82.80 2 1
github.com/fab2s/goDl/nn/checkpoint.go:82.80,84.3 1 0
github.com/fab2s/goDl/nn/checkpoint.go:85.2,85.41 1 1
github.com/fab2s/goDl/nn/checkpoint.go:85.41,87.3 1 0
github.com/fab2s/goDl/nn/checkpoint.go:90.2,91.81 2 1
github.com/fab2s/goDl/nn/checkpoint.go:91.81,93.3 1 0
github.com/fab2s/goDl/nn/checkpoint.go:94.2,94.26 1 1
github.com/fab2s/goDl/nn/checkpoint.go:94.26,95.65 1 1
github.com/fab2s/goDl/nn/checkpoint.go:95.65,97.4 1 0
github.com/fab2s/goDl/nn/checkpoint.go:101.2,102.16 2 1
github.com/fab2s/goDl/nn/checkpoint.go:102.16,104.3 1 0
github.com/fab2s/goDl/nn/checkpoint.go:105.2,105.80 1 1
github.com/fab2s/goDl/nn/checkpoint.go:105.80,107.3 1 0
github.com/fab2s/goDl/nn/checkpoint.go:108.2,108.51 1 1
github.com/fab2s/goDl/nn/checkpoint.go:111.60,114.70 2 1
github.com/fab2s/goDl/nn/checkpoint.go:114.70,116.3 1 0
github.com/fab2s/goDl/nn/checkpoint.go:117.2,118.53 2 1
github.com/fab2s/goDl/nn/checkpoint.go:118.53,120.3 1 0
github.com/fab2s/goDl/nn/checkpoint.go:121.2,122.20 2 1
github.com/fab2s/goDl/nn/checkpoint.go:122.20,124.3 1 0
github.com/fab2s/goDl/nn/checkpoint.go:127.2,128.67 2 1
github.com/fab2s/goDl/nn/checkpoint.go:128.67,130.3 1 0
github.com/fab2s/goDl/nn/checkpoint.go:131.2,132.23 2 1
github.com/fab2s/goDl/nn/checkpoint.go:132.23,133.72 1 1
github.com/fab2s/goDl/nn/checkpoint.go:133.72,135.4 1 0
github.com/fab2s/goDl/nn/checkpoint.go:139.2,140.33 2 1
github.com/fab2s/goDl/nn/checkpoint.go:140.33,142.3 1 1
github.com/fab2s/goDl/nn/checkpoint.go:145.2,146.74 2 1
github.com/fab2s/goDl/nn/checkpoint.go:146.74,148.3 1 0
github.com/fab2s/goDl/nn/checkpoint.go:149.2,150.66 2 1
github.com/fab2s/goDl/nn/checkpoint.go:150.66,152.3 1 0
github.com/fab2s/goDl/nn/checkpoint.go:154.2,155.16 2 1
github.com/fab2s/goDl/nn/checkpoint.go:155.16,157.3 1 0
github.com/fab2s/goDl/nn/checkpoint.go:158.2,159.12 2 1
github.com/fab2s/goDl/nn/checkpoint.go:162.37,163.22 1 1
github.com/fab2s/goDl/nn/checkpoint.go:163.22,165.3 1 0
github.com/fab2s/goDl/nn/checkpoint.go:166.2,166.19 1 1
github.com/fab2s/goDl/nn/checkpoint.go:166.19,167.19 1 1
github.com/fab2s/goDl/nn/checkpoint.go:167.19,169.4 1 1
github.com/fab2s/goDl/nn/checkpoint.go:171.2,171.13 1 1
github.com/fab2s/goDl/nn/clip.go:21.65,25.27 3 1
github.com/fab2s/goDl/nn/clip.go:25.27,27.18 2 1
github.com/fab2s/goDl/nn/clip.go:27.18,28.12 1 0
github.com/fab2s/goDl/nn/clip.go:30.3,33.35 4 1
github.com/fab2s/goDl/nn/clip.go:33.35,34.12 1 0
github.com/fab2s/goDl/nn/clip.go:36.3,36.34 1 1
github.com/fab2s/goDl/nn/clip.go:39.2,40.48 2 1
github.com/fab2s/goDl/nn/clip.go:40.48,42.3 1 1
github.com/fab2s/goDl/nn/clip.go:44.2,45.29 2 1
github.com/fab2s/goDl/nn/clip.go:45.29,47.3 1 1
github.com/fab2s/goDl/nn/clip.go:49.2,49.18 1 1
github.com/fab2s/goDl/nn/clip.go:58.65,61.27 2 1
github.com/fab2s/goDl/nn/clip.go:61.27,63.18 2 1
github.com/fab2s/goDl/nn/clip.go:63.18,64.12 1 0
github.com/fab2s/goDl/nn/clip.go:66.3,67.17 2 1
github.com/fab2s/goDl/nn/clip.go:67.17,68.12 1 0
github.com/fab2s/goDl/nn/clip.go:71.3,72.26 2 1
github.com/fab2s/goDl/nn/clip.go:72.26,74.20 2 1
github.com/fab2s/goDl/nn/clip.go:74.20,76.5 1 1
github.com/fab2s/goDl/nn/clip.go:77.4,77.20 1 1
github.com/fab2s/goDl/nn/clip.go:77.20,79.5 1 1
github.com/fab2s/goDl/nn/clip.go:82.3,82.16 1 1
github.com/fab2s/goDl/nn/clip.go:82.16,84.27 2 1
github.com/fab2s/goDl/nn/clip.go:84.27,86.5 1 1
github.com/fab2s/goDl/nn/clip.go:87.4,88.18 2 1
github.com/fab2s/goDl/nn/clip.go:88.18,89.13 1 0
github.com/fab2s/goDl/nn/clip.go:91.4,91.22 1 1
github.com/fab2s/goDl/nn/clip.go:95.2,95.15 1 1
github.com/fab2s/goDl/nn/conv2d.go:32.99,38.16 3 1
github.com/fab2s/goDl/nn/conv2d.go:38.16,40.3 1 0
github.com/fab2s/goDl/nn/conv2d.go:42.2,44.16 3 1
github.com/fab2s/goDl/nn/conv2d.go:44.16,47.3 2 0
github.com/fab2s/goDl/nn/conv2d.go:48.2,49.36 2 1
github.com/fab2s/goDl/nn/conv2d.go:49.36,53.3 3 0
github.com/fab2s/goDl/nn/conv2d.go:54.2,63.8 2 1
github.com/fab2s/goDl/nn/conv2d.go:68.75,71.19 3 1
github.com/fab2s/goDl/nn/conv2d.go:71.19,73.3 1 1
github.com/fab2s/goDl/nn/conv2d.go:74.2,77.3 1 1
github.com/fab2s/goDl/nn/conv2d.go:81.44,82.19 1 1
github.com/fab2s/goDl/nn/conv2d.go:82.19,84.3 1 1
github.com/fab2s/goDl/nn/conv2d.go:85.2,85.31 1 0
github.com/fab2s/goDl/nn/dropout.go:20.37,22.2 1 1
github.com/fab2s/goDl/nn/dropout.go:25.46,27.2 1 1
github.com/fab2s/goDl/nn/dropout.go:32.76,34.29 2 1
github.com/fab2s/goDl/nn/dropout.go:34.29,36.3 1 1
github.com/fab2s/goDl/nn/dropout.go:37.2,37.14 1 1
github.com/fab2s/goDl/nn/dropout.go:37.14,40.17 2 0
github.com/fab2s/goDl/nn/dropout.go:40.17,42.4 1 0
github.com/fab2s/goDl/nn/dropout.go:43.3,43.41 1 0
github.com/fab2s/goDl/nn/dropout.go:47.2,48.16 2 1
github.com/fab2s/goDl/nn/dropout.go:48.16,50.3 1 0
github.com/fab2s/goDl/nn/dropout.go:51.2,56.40 4 1
github.com/fab2s/goDl/nn/dropout.go:60.45,60.59 1 0
github.com/fab2s/goDl/nn/embedding.go:20.97,22.16 2 1
github.com/fab2s/goDl/nn/embedding.go:22.16,24.3 1 0
github.com/fab2s/goDl/nn/embedding.go:26.2,30.8 1 1
github.com/fab2s/goDl/nn/embedding.go:36.78,41.35 4 1
github.com/fab2s/goDl/nn/embedding.go:41.35,43.3 1 0
github.com/fab2s/goDl/nn/embedding.go:45.2,51.30 5 1
github.com/fab2s/goDl/nn/embedding.go:55.47,57.2 1 0
github.com/fab2s/goDl/nn/grucell.go:37.87,39.16 2 1
github.com/fab2s/goDl/nn/grucell.go:39.16,41.3 1 0
github.com/fab2s/goDl/nn/grucell.go:42.2,43.16 2 1
github.com/fab2s/goDl/nn/grucell.go:43.16,45.3 1 0
github.com/fab2s/goDl/nn/grucell.go:46.2,47.16 2 1
github.com/fab2s/goDl/nn/grucell.go:47.16,49.3 1 0
github.com/fab2s/goDl/nn/grucell.go:50.2,51.16 2 1
github.com/fab2s/goDl/nn/grucell.go:51.16,53.3 1 0
github.com/fab2s/goDl/nn/grucell.go:54.2,55.16 2 1
github.com/fab2s/goDl/nn/grucell.go:55.16,57.3 1 0
github.com/fab2s/goDl/nn/grucell.go:58.2,59.16 2 1
github.com/fab2s/goDl/nn/grucell.go:59.16,61.3 1 0
github.com/fab2s/goDl/nn/grucell.go:63.2,68.8 1 1
github.com/fab2s/goDl/nn/grucell.go:74.76,79.41 3 1
github.com/fab2s/goDl/nn/grucell.go:79.41,81.3 1 1
github.com/fab2s/goDl/nn/grucell.go:81.8,84.17 3 1
github.com/fab2s/goDl/nn/grucell.go:84.17,86.4 1 0
github.com/fab2s/goDl/nn/grucell.go:87.3,87.38 1 1
github.com/fab2s/goDl/nn/grucell.go:91.2,101.39 5 1
github.com/fab2s/goDl/nn/grucell.go:105.45,114.2 8 1
github.com/fab2s/goDl/nn/layernorm.go:26.74,28.16 2 1
github.com/fab2s/goDl/nn/layernorm.go:28.16,30.3 1 0
github.com/fab2s/goDl/nn/layernorm.go:31.2,32.16 2 1
github.com/fab2s/goDl/nn/layernorm.go:32.16,35.3 2 0
github.com/fab2s/goDl/nn/layernorm.go:37.2,42.8 1 1
github.com/fab2s/goDl/nn/layernorm.go:47.66,49.16 2 0
github.com/fab2s/goDl/nn/layernorm.go:49.16,50.60 1 0
github.com/fab2s/goDl/nn/layernorm.go:52.2,52.11 1 0
github.com/fab2s/goDl/nn/layernorm.go:58.79,73.2 8 1
github.com/fab2s/goDl/nn/layernorm.go:76.48,78.2 1 1
github.com/fab2s/goDl/nn/linear.go:22.87,24.16 2 1
github.com/fab2s/goDl/nn/linear.go:24.16,26.3 1 0
github.com/fab2s/goDl/nn/linear.go:28.2,30.16 3 1
github.com/fab2s/goDl/nn/linear.go:30.16,33.3 2 0
github.com/fab2s/goDl/nn/linear.go:34.2,35.36 2 1
github.com/fab2s/goDl/nn/linear.go:35.36,39.3 3 0
github.com/fab2s/goDl/nn/linear.go:40.2,47.8 2 1
github.com/fab2s/goDl/nn/linear.go:53.75,58.19 4 1
github.com/fab2s/goDl/nn/linear.go:58.19,60.3 1 1
github.com/fab2s/goDl/nn/linear.go:61.2,61.12 1 1
github.com/fab2s/goDl/nn/linear.go:66.79,68.16 2 0
github.com/fab2s/goDl/nn/linear.go:68.16,69.80 1 0
github.com/fab2s/goDl/nn/linear.go:71.2,71.10 1 0
github.com/fab2s/goDl/nn/linear.go:75.44,76.19 1 1
github.com/fab2s/goDl/nn/linear.go:76.19,78.3 1 1
github.com/fab2s/goDl/nn/linear.go:79.2,79.31 1 0
github.com/fab2s/goDl/nn/loss.go:7.66,13.2 4 1
github.com/fab2s/goDl/nn/loss.go:25.75,45.2 9 1
github.com/fab2s/goDl/nn/lstmcell.go:44.89,46.16 2 1
github.com/fab2s/goDl/nn/lstmcell.go:46.16,48.3 1 0
github.com/fab2s/goDl/nn/lstmcell.go:49.2,50.16 2 1
github.com/fab2s/goDl/nn/lstmcell.go:50.16,52.3 1 0
github.com/fab2s/goDl/nn/lstmcell.go:53.2,54.16 2 1
github.com/fab2s/goDl/nn/lstmcell.go:54.16,56.3 1 0
github.com/fab2s/goDl/nn/lstmcell.go:57.2,58.16 2 1
github.com/fab2s/goDl/nn/lstmcell.go:58.16,60.3 1 0
github.com/fab2s/goDl/nn/lstmcell.go:61.2,62.16 2 1
github.com/fab2s/goDl/nn/lstmcell.go:62.16,64.3 1 0
github.com/fab2s/goDl/nn/lstmcell.go:65.2,66.16 2 1
github.com/fab2s/goDl/nn/lstmcell.go:66.16,68.3 1 0
github.com/fab2s/goDl/nn/lstmcell.go:69.2,70.16 2 1
github.com/fab2s/goDl/nn/lstmcell.go:70.16,72.3 1 0
github.com/fab2s/goDl/nn/lstmcell.go:73.2,74.16 2 1
github.com/fab2s/goDl/nn/lstmcell.go:74.16,76.3 1 0
github.com/fab2s/goDl/nn/lstmcell.go:78.2,83.8 1 1
github.com/fab2s/goDl/nn/lstmcell.go:90.77,97.41 5 1
github.com/fab2s/goDl/nn/lstmcell.go:97.41,101.3 3 1
github.com/fab2s/goDl/nn/lstmcell.go:101.8,103.17 2 1
github.com/fab2s/goDl/nn/lstmcell.go:103.17,105.4 1 0
github.com/fab2s/goDl/nn/lstmcell.go:106.3,107.17 2 1
github.com/fab2s/goDl/nn/lstmcell.go:107.17,109.4 1 0
github.com/fab2s/goDl/nn/lstmcell.go:110.3,111.38 2 1
github.com/fab2s/goDl/nn/lstmcell.go:115.2,125.26 7 1
github.com/fab2s/goDl/nn/lstmcell.go:129.46,140.2 10 1
github.com/fab2s/goDl/nn/module.go:77.43,78.35 1 0
github.com/fab2s/goDl/nn/module.go:78.35,80.3 1 0
github.com/fab2s/goDl/nn/module.go:90.64,95.2 1 1
github.com/fab2s/goDl/nn/module.go:102.96,105.2 2 1
github.com/fab2s/goDl/nn/module.go:110.95,113.2 2 1
github.com/fab2s/goDl/nn/module.go:118.103,121.2 2 1
github.com/fab2s/goDl/nn/module.go:126.102,129.2 2 1
github.com/fab2s/goDl/nn/module.go:132.95,134.16 2 1
github.com/fab2s/goDl/nn/module.go:134.16,136.3 1 0
github.com/fab2s/goDl/nn/module.go:137.2,138.37 2 1
github.com/fab2s/goDl/nn/module.go:138.37,141.3 2 0
github.com/fab2s/goDl/nn/module.go:142.2,143.20 2 1
github.com/fab2s/goDl/nn/module.go:147.92,149.16 2 1
github.com/fab2s/goDl/nn/module.go:149.16,151.3 1 0
github.com/fab2s/goDl/nn/module.go:152.2,153.37 2 1
github.com/fab2s/goDl/nn/module.go:153.37,156.3 2 0
github.com/fab2s/goDl/nn/module.go:157.2,158.20 2 1
github.com/fab2s/goDl/nn/optim.go:30.61,37.2 1 1
github.com/fab2s/goDl/nn/optim.go:42.22,43.29 1 1
github.com/fab2s/goDl/nn/optim.go:43.29,45.18 2 1
github.com/fab2s/goDl/nn/optim.go:45.18,46.12 1 0
github.com/fab2s/goDl/nn/optim.go:49.3,49.22 1 1
github.com/fab2s/goDl/nn/optim.go:49.22,50.28 1 1
github.com/fab2s/goDl/nn/optim.go:50.28,53.5 1 1
github.com/fab2s/goDl/nn/optim.go:53.10,56.5 1 1
github.com/fab2s/goDl/nn/optim.go:58.4,60.22 3 1
github.com/fab2s/goDl/nn/optim.go:61.9,66.4 3 1
github.com/fab2s/goDl/nn/optim.go:71.26,72.29 1 1
github.com/fab2s/goDl/nn/optim.go:72.29,74.3 1 1
github.com/fab2s/goDl/nn/optim.go:97.53,107.2 1 1
github.com/fab2s/goDl/nn/optim.go:115.23,117.29 2 1
github.com/fab2s/goDl/nn/optim.go:117.29,119.18 2 1
github.com/fab2s/goDl/nn/optim.go:119.18,120.12 1 0
github.com/fab2s/goDl/nn/optim.go:122.3,122.30 1 1
github.com/fab2s/goDl/nn/optim.go:128.90,129.19 1 1
github.com/fab2s/goDl/nn/optim.go:129.19,132.3 2 1
github.com/fab2s/goDl/nn/optim.go:135.2,149.21 7 1
github.com/fab2s/goDl/nn/optim.go:149.21,151.3 1 1
github.com/fab2s/goDl/nn/optim.go:153.2,153.20 1 1
github.com/fab2s/goDl/nn/optim.go:157.27,158.29 1 1
github.com/fab2s/goDl/nn/optim.go:158.29,160.3 1 1
github.com/fab2s/goDl/nn/optim.go:177.68,190.2 1 1
github.com/fab2s/goDl/nn/optim.go:193.24,195.34 2 1
github.com/fab2s/goDl/nn/optim.go:195.34,197.18 2 1
github.com/fab2s/goDl/nn/optim.go:197.18,198.12 1 0
github.com/fab2s/goDl/nn/optim.go:200.3,200.47 1 1
github.com/fab2s/goDl/nn/optim.go:205.28,207.2 1 1
github.com/fab2s/goDl/nn/optim.go:210.41,212.16 2 1
github.com/fab2s/goDl/nn/optim.go:212.16,214.3 1 1
github.com/fab2s/goDl/nn/optim.go:215.2,215.15 1 1
